####<Jun 1, 2019 3:22:02,897 PM EDT> <Info> <Security> <WTUSLVSE014013L> <> <main> <> <> <> <1559416922897> <[severity-value: 64] [partition-id: 0] [partition-name: DOMAIN] > <BEA-090905> <Disabling the CryptoJ JCE Provider self-integrity check for better startup performance. To enable this check, specify -Dweblogic.security.allowCryptoJDefaultJCEVerification=true.> 
####<Jun 1, 2019 3:22:02,969 PM EDT> <Info> <Security> <WTUSLVSE014013L> <> <main> <> <> <> <1559416922969> <[severity-value: 64] [partition-id: 0] [partition-name: DOMAIN] > <BEA-090906> <Changing the default Random Number Generator in RSA CryptoJ from ECDRBG128 to HMACDRBG. To disable this change, specify -Dweblogic.security.allowCryptoJDefaultPRNG=true.> 
####<Jun 1, 2019 3:22:03,405 PM EDT> <Info> <WebLogicServer> <WTUSLVSE014013L> <> <Thread-5> <> <> <> <1559416923405> <[severity-value: 64] [partition-id: 0] [partition-name: DOMAIN] > <BEA-000377> <Starting WebLogic Server with Java HotSpot(TM) 64-Bit Server VM Version 25.181-b13 from Oracle Corporation.> 
####<Jun 1, 2019 3:22:03,470 PM EDT> <Info> <RCM> <WTUSLVSE014013L> <> <Thread-5> <> <> <> <1559416923470> <[severity-value: 64] [partition-id: 0] [partition-name: DOMAIN] > <BEA-2165021> <"ResourceManagement" is not enabled in this JVM. Enable "ResourceManagement" to use the WebLogic Server "Resource Consumption Management" feature. To enable "ResourceManagement", you must specify the following JVM options in the WebLogic Server instance in which the JVM runs: -XX:+UnlockCommercialFeatures -XX:+ResourceManagement.> 
####<Jun 1, 2019 3:22:03,731 PM EDT> <Info> <Management> <WTUSLVSE014013L> <> <Thread-9> <> <> <> <1559416923731> <[severity-value: 64] [partition-id: 0] [partition-name: DOMAIN] > <BEA-141107> <Version: WebLogic Server 12.2.1.3.0 Thu Aug 17 13:39:49 PDT 2017 1882952> 
####<Jun 1, 2019 3:22:05,216 PM EDT> <Notice> <WebLogicServer> <WTUSLVSE014013L> <> <Thread-9> <> <> <> <1559416925216> <[severity-value: 32] [partition-id: 0] [partition-name: DOMAIN] > <BEA-000365> <Server state changed to STARTING.> 
####<Jun 1, 2019 3:22:05,244 PM EDT> <Info> <WorkManager> <WTUSLVSE014013L> <> <Thread-9> <> <> <> <1559416925244> <[severity-value: 64] [partition-id: 0] [partition-name: DOMAIN] > <BEA-002900> <Initializing self-tuning thread pool.> 
####<Jun 1, 2019 3:22:05,268 PM EDT> <Info> <WorkManager> <WTUSLVSE014013L> <> <[ACTIVE] ExecuteThread: '0' for queue: 'weblogic.kernel.Default (self-tuning)'> <> <> <> <1559416925268> <[severity-value: 64] [partition-id: 0] [partition-name: DOMAIN] > <BEA-002942> <CMM memory level becomes 0. Setting standby thread pool size to 256.> 
####<Jun 1, 2019 3:22:05,300 PM EDT> <Info> <WebLogicServer> <WTUSLVSE014013L> <> <Thread-9> <> <> <> <1559416925300> <[severity-value: 64] [partition-id: 0] [partition-name: DOMAIN] > <BEA-000214> <WebLogic Server "AdminServer" version:
WebLogic Server 12.2.1.3.0 Thu Aug 17 13:39:49 PDT 2017 1882952 Copyright (c) 1995,2017, Oracle and/or its affiliates. All rights reserved.> 
####<Jun 1, 2019 3:22:05,320 PM EDT> <Info> <Server> <WTUSLVSE014013L> <> <Thread-5> <> <> <> <1559416925320> <[severity-value: 64] [partition-id: 0] [partition-name: DOMAIN] > <BEA-002622> <The protocol "t3" is now configured.> 
####<Jun 1, 2019 3:22:05,320 PM EDT> <Info> <Server> <WTUSLVSE014013L> <> <Thread-5> <> <> <> <1559416925320> <[severity-value: 64] [partition-id: 0] [partition-name: DOMAIN] > <BEA-002622> <The protocol "t3s" is now configured.> 
####<Jun 1, 2019 3:22:05,320 PM EDT> <Info> <Server> <WTUSLVSE014013L> <> <Thread-5> <> <> <> <1559416925320> <[severity-value: 64] [partition-id: 0] [partition-name: DOMAIN] > <BEA-002622> <The protocol "http" is now configured.> 
####<Jun 1, 2019 3:22:05,320 PM EDT> <Info> <Server> <WTUSLVSE014013L> <> <Thread-5> <> <> <> <1559416925320> <[severity-value: 64] [partition-id: 0] [partition-name: DOMAIN] > <BEA-002622> <The protocol "https" is now configured.> 
####<Jun 1, 2019 3:22:05,324 PM EDT> <Info> <Server> <WTUSLVSE014013L> <> <Thread-5> <> <> <> <1559416925324> <[severity-value: 64] [partition-id: 0] [partition-name: DOMAIN] > <BEA-002622> <The protocol "iiop" is now configured.> 
####<Jun 1, 2019 3:22:05,324 PM EDT> <Info> <Server> <WTUSLVSE014013L> <> <Thread-5> <> <> <> <1559416925324> <[severity-value: 64] [partition-id: 0] [partition-name: DOMAIN] > <BEA-002622> <The protocol "iiops" is now configured.> 
####<Jun 1, 2019 3:22:05,324 PM EDT> <Info> <Server> <WTUSLVSE014013L> <> <Thread-5> <> <> <> <1559416925324> <[severity-value: 64] [partition-id: 0] [partition-name: DOMAIN] > <BEA-002622> <The protocol "ldap" is now configured.> 
####<Jun 1, 2019 3:22:05,324 PM EDT> <Info> <Server> <WTUSLVSE014013L> <> <Thread-5> <> <> <> <1559416925324> <[severity-value: 64] [partition-id: 0] [partition-name: DOMAIN] > <BEA-002622> <The protocol "ldaps" is now configured.> 
####<Jun 1, 2019 3:22:05,328 PM EDT> <Info> <Server> <WTUSLVSE014013L> <> <Thread-5> <> <> <> <1559416925328> <[severity-value: 64] [partition-id: 0] [partition-name: DOMAIN] > <BEA-002622> <The protocol "cluster" is now configured.> 
####<Jun 1, 2019 3:22:05,328 PM EDT> <Info> <Server> <WTUSLVSE014013L> <> <Thread-5> <> <> <> <1559416925328> <[severity-value: 64] [partition-id: 0] [partition-name: DOMAIN] > <BEA-002622> <The protocol "clusters" is now configured.> 
####<Jun 1, 2019 3:22:05,332 PM EDT> <Info> <Server> <WTUSLVSE014013L> <> <Thread-5> <> <> <> <1559416925332> <[severity-value: 64] [partition-id: 0] [partition-name: DOMAIN] > <BEA-002622> <The protocol "snmp" is now configured.> 
####<Jun 1, 2019 3:22:05,332 PM EDT> <Info> <Server> <WTUSLVSE014013L> <> <Thread-5> <> <> <> <1559416925332> <[severity-value: 64] [partition-id: 0] [partition-name: DOMAIN] > <BEA-002622> <The protocol "admin" is now configured.> 
####<Jun 1, 2019 3:22:05,332 PM EDT> <Info> <Server> <WTUSLVSE014013L> <> <Thread-5> <> <> <> <1559416925332> <[severity-value: 64] [partition-id: 0] [partition-name: DOMAIN] > <BEA-002624> <The administration protocol is "t3s" and is now configured.> 
####<Jun 1, 2019 3:22:05,658 PM EDT> <Info> <RJVM> <WTUSLVSE014013L> <> <Thread-5> <> <> <> <1559416925658> <[severity-value: 64] [partition-id: 0] [partition-name: DOMAIN] > <BEA-000570> <Network Configuration for Channel "AdminServer"
 Listen Address		 :7001
 Public Address		 N/A
 Http Enabled		 true
 Tunneling Enabled	 false
 Outbound Enabled	 false
 Admin Traffic Enabled	 true ResolveDNSName Enabled	 false> 
####<Jun 1, 2019 3:22:05,659 PM EDT> <Debug> <RJVM> <WTUSLVSE014013L> <> <Thread-5> <> <> <> <1559416925659> <[severity-value: 128] [partition-id: 0] [partition-name: DOMAIN] > <BEA-000571> <Network Configuration Detail for Channel "AdminServer"
 Channel Weight		 50
 Accept Backlog		 300
 Login Timeout		 5000ms
 Max Message Size	 10000000
 Message Timeout	 60s
 Idle Timeout		 65s
 Tunneling Timeout	 40s
 Tunneling Ping		 45s> 
####<Jun 1, 2019 3:22:05,676 PM EDT> <Info> <Server> <WTUSLVSE014013L> <> <Thread-5> <> <> <> <1559416925676> <[severity-value: 64] [partition-id: 0] [partition-name: DOMAIN] > <BEA-002609> <Channel Service initialized.> 
####<Jun 1, 2019 3:22:05,862 PM EDT> <Info> <XML> <WTUSLVSE014013L> <> <[STANDBY] ExecuteThread: '2' for queue: 'weblogic.kernel.Default (self-tuning)'> <> <> <> <1559416925862> <[severity-value: 64] [partition-id: 0] [partition-name: DOMAIN] > <BEA-130036> <Initializing XMLRegistry> 
####<Jun 1, 2019 3:22:05,873 PM EDT> <Info> <Socket> <WTUSLVSE014013L> <> <[STANDBY] ExecuteThread: '3' for queue: 'weblogic.kernel.Default (self-tuning)'> <> <> <> <1559416925873> <[severity-value: 64] [partition-id: 0] [partition-name: DOMAIN] > <BEA-000436> <Allocating 4 reader threads.> 
####<Jun 1, 2019 3:22:05,873 PM EDT> <Info> <Socket> <WTUSLVSE014013L> <> <[STANDBY] ExecuteThread: '3' for queue: 'weblogic.kernel.Default (self-tuning)'> <> <> <> <1559416925873> <[severity-value: 64] [partition-id: 0] [partition-name: DOMAIN] > <BEA-000446> <Native I/O enabled.> 
####<Jun 1, 2019 3:22:05,882 PM EDT> <Info> <Management> <WTUSLVSE014013L> <> <[STANDBY] ExecuteThread: '2' for queue: 'weblogic.kernel.Default (self-tuning)'> <> <> <> <1559416925882> <[severity-value: 64] [partition-id: 0] [partition-name: DOMAIN] > <BEA-141278> <Java entropy configuration is: System property "java.security.egd= null"; JRE's java.security file property "securerandom.source= file:/dev/random"; Blocking Config= true; JDK version= 1.8.0_181; Operating System= Windows 10.> 
####<Jun 1, 2019 3:22:05,882 PM EDT> <Info> <Management> <WTUSLVSE014013L> <> <[STANDBY] ExecuteThread: '2' for queue: 'weblogic.kernel.Default (self-tuning)'> <> <> <> <1559416925882> <[severity-value: 64] [partition-id: 0] [partition-name: DOMAIN] > <BEA-141280> <Detected NON-BLOCKING java entropy configuration. This setting will provide the best performance on machines with few sources of entropy, but is less secure than a blocking entropy configuration.> 
####<Jun 1, 2019 3:22:05,882 PM EDT> <Info> <Management> <WTUSLVSE014013L> <> <[STANDBY] ExecuteThread: '2' for queue: 'weblogic.kernel.Default (self-tuning)'> <> <> <> <1559416925882> <[severity-value: 64] [partition-id: 0] [partition-name: DOMAIN] > <BEA-141187> <Java system properties are defined as follows: 
awt.toolkit = sun.awt.windows.WToolkit
file.encoding = Cp1252
file.encoding.pkg = sun.io
file.separator = \
java.awt.graphicsenv = sun.awt.Win32GraphicsEnvironment
java.awt.printerjob = sun.awt.windows.WPrinterJob
java.class.path = C:/PROGRA~1/Java/JDK18~2.0_1/lib/tools.jar;C:/Oracle/MIDDLE~1/ORACLE~1/wlserver/server/lib/weblogic.jar;C:/Oracle/MIDDLE~1/ORACLE~1/oracle_common/modules/thirdparty/ant-contrib-1.0b3.jar;C:/Oracle/MIDDLE~1/ORACLE~1/wlserver/modules/features/oracle.wls.common.nodemanager.jar;C:/Oracle/MIDDLE~1/ORACLE~1/wlserver/common/derby/lib/derbynet.jar;C:/Oracle/MIDDLE~1/ORACLE~1/wlserver/common/derby/lib/derbyclient.jar;C:/Oracle/MIDDLE~1/ORACLE~1/wlserver/common/derby/lib/derby.jar
java.class.version = 52.0
java.endorsed.dirs = C:\PROGRA~1\Java\JDK18~2.0_1\jre\lib\endorsed
java.ext.dirs = C:\PROGRA~1\Java\JDK18~2.0_1\jre\lib\ext;C:\WINDOWS\Sun\Java\lib\ext
java.home = C:\PROGRA~1\Java\JDK18~2.0_1\jre
java.io.tmpdir = C:\Users\SESA36~1\AppData\Local\Temp\
java.library.path = C:\PROGRA~1\Java\JDK18~2.0_1\bin;C:\WINDOWS\Sun\Java\bin;C:\WINDOWS\system32;C:\WINDOWS;C:\Oracle\MIDDLE~1\ORACLE~1\USER_P~1\domains\GAH_DO~1\bin;;C:\Oracle\MIDDLE~1\ORACLE~1\wlserver\server\native\win\x64;C:\Oracle\MIDDLE~1\ORACLE~1\wlserver\server\bin;C:\Oracle\MIDDLE~1\ORACLE~1\oracle_common\modules\thirdparty\org.apache.ant\1.9.8.0.0\apache-ant-1.9.8\bin;C:\PROGRA~1\Java\JDK18~2.0_1\jre\bin;C:\PROGRA~1\Java\JDK18~2.0_1\bin;C:\Oracle\MIDDLE~1\ORACLE~1\wlserver\server\native\win\x64\oci920_8;C:\SOAP_R~1\APACHE~1.4\bin;C:\PROGRA~1\APACHE~2\APACHE~1.5-B\APACHE~1.5\bin;C:\SOAP_R~1\APACHE~1.6\bin;C:\PROGRA~1\Java\JDK18~2.0_1\bin;C:\SOAP_R~1\SPRING~2.REL\bin;C:\SOAP_R~1\APACHE~1.4\bin;C:\PROGRA~1\APACHE~2\APACHE~1.5-B\APACHE~1.5\bin;C:\SOAP_R~1\APACHE~1.6\bin;C:\PROGRA~1\Java\JDK18~2.0_1\bin;C:\SOAP_R~1\SPRING~2.REL\bin;C:\PROGRA~2\COMMON~1\Oracle\Java\javapath;C:\PROGRA~1\Telvent\bin\PowerOpt;C:\PROGRA~1\Telvent\bin\SimSuite;C:\PROGRA~1\MI564C~1\Bin\;C:\PROGRA~3\Oracle\Java\javapath;C:\Windows\System32;C:\Windows;C:\Windows\System32\wbem;C:\Windows\System32\WINDOW~1\v1.0\;C:\PROGRA~2\Skype\Phone\;C:\PROGRA~1\MI3EDC~1\130\Tools\Binn\;C:\PROGRA~1\dotnet\;C:\PROGRA~2\BITVIS~1;C:\PROGRA~1\Git\cmd;C:\PROGRA~2\Intel\INTEL(~2\DAL;C:\PROGRA~1\Intel\INTEL(~1\DAL;C:\PROGRA~1\nodejs\;C:\PROGRA~1\Java\JDK18~1.0_1\bin;C:\PROGRA~1\Java\JDK18~1.0_1\bin;C:\PROGRA~1\OpenVPN\bin;C:\PROGRA~1\APACHE~2\APACHE~1.5-B\APACHE~1.5\bin;C:\PROGRA~1\1E\NOMADB~1\;C:\PROGRA~2\WID2AD~1\;C:\Users\SESA36~1\AppData\Local\MICROS~1\WINDOW~1;C:\Users\SESA36~1\AppData\Roaming\npm;C:\Users\SESA36~1\AppData\Local\atom\bin;C:\Users\SESA36~1\AppData\Local\Programs\MICROS~1\bin;C:\Users\SESA36~1\AppData\Local\Box\BOXEDI~1;.
java.naming.factory.initial = weblogic.jndi.WLInitialContextFactory
java.naming.factory.url.pkgs = weblogic.jndi.factories:weblogic.corba.j2ee.naming.url:weblogic.jndi.factories:weblogic.corba.j2ee.naming.url
java.runtime.name = Java(TM) SE Runtime Environment
java.runtime.version = 1.8.0_181-b13
java.security.policy = C:\Oracle\MIDDLE~1\ORACLE~1\wlserver\server\lib\weblogic.policy
java.specification.name = Java Platform API Specification
java.specification.vendor = Oracle Corporation
java.specification.version = 1.8
java.system.class.loader = com.oracle.classloader.weblogic.LaunchClassLoader
java.vendor = Oracle Corporation
java.vendor.url = http://java.oracle.com/
java.vendor.url.bug = http://bugreport.sun.com/bugreport/
java.version = 1.8.0_181
java.vm.info = mixed mode
java.vm.name = Java HotSpot(TM) 64-Bit Server VM
java.vm.specification.name = Java Virtual Machine Specification
java.vm.specification.vendor = Oracle Corporation
java.vm.specification.version = 1.8
java.vm.vendor = Oracle Corporation
java.vm.version = 25.181-b13
javax.management.builder.initial = weblogic.management.jmx.mbeanserver.WLSMBeanServerBuilder
javax.rmi.CORBA.PortableRemoteObjectClass = weblogic.iiop.PortableRemoteObjectDelegateImpl
javax.rmi.CORBA.UtilClass = weblogic.iiop.UtilDelegateImpl
launch.use.env.classpath = true
org.omg.CORBA.ORBClass = weblogic.corba.orb.ORB
org.omg.CORBA.ORBSingletonClass = weblogic.corba.orb.ORB
os.arch = amd64
os.name = Windows 10
os.version = 10.0
path.separator = ;
sun.arch.data.model = 64
sun.boot.class.path = C:\PROGRA~1\Java\JDK18~2.0_1\jre\lib\resources.jar;C:\PROGRA~1\Java\JDK18~2.0_1\jre\lib\rt.jar;C:\PROGRA~1\Java\JDK18~2.0_1\jre\lib\sunrsasign.jar;C:\PROGRA~1\Java\JDK18~2.0_1\jre\lib\jsse.jar;C:\PROGRA~1\Java\JDK18~2.0_1\jre\lib\jce.jar;C:\PROGRA~1\Java\JDK18~2.0_1\jre\lib\charsets.jar;C:\PROGRA~1\Java\JDK18~2.0_1\jre\lib\jfr.jar;C:\PROGRA~1\Java\JDK18~2.0_1\jre\classes
sun.boot.library.path = C:\PROGRA~1\Java\JDK18~2.0_1\jre\bin
sun.cpu.endian = little
sun.cpu.isalist = amd64
sun.desktop = windows
sun.io.unicode.encoding = UnicodeLittle
sun.java.command = weblogic.Server
sun.java.launcher = SUN_STANDARD
sun.jnu.encoding = Cp1252
sun.management.compiler = HotSpot 64-Bit Tiered Compilers
sun.stderr.encoding = cp437
sun.stdout.encoding = cp437
user.country = US
user.dir = C:\Oracle\Middleware\Oracle_Home\user_projects\domains\gah_domain
user.home = C:\Users\sesa361628
user.language = en
user.name = SESA361628
user.timezone = America/New_York
vde.home = C:\Oracle\Middleware\Oracle_Home\user_projects\domains\gah_domain\servers\AdminServer\data\ldap
weblogic.Name = AdminServer
weblogic.home = C:\Oracle\MIDDLE~1\ORACLE~1\wlserver\server
wls.home = C:\Oracle\MIDDLE~1\ORACLE~1\wlserver\server
.> 
####<Jun 1, 2019 3:22:05,908 PM EDT> <Notice> <Log Management> <WTUSLVSE014013L> <> <[STANDBY] ExecuteThread: '3' for queue: 'weblogic.kernel.Default (self-tuning)'> <> <> <> <1559416925908> <[severity-value: 32] [partition-id: 0] [partition-name: DOMAIN] > <BEA-170019> <The server log file weblogic.logging.FileStreamHandler instance=1844509444
Current log file=C:\Oracle\Middleware\Oracle_Home\user_projects\domains\gah_domain\servers\AdminServer\logs\AdminServer.log
Rotation dir=C:\Oracle\Middleware\Oracle_Home\user_projects\domains\gah_domain\servers\AdminServer\logs
 is opened. All server side log events will be written to this file.> 
####<Jun 1, 2019 3:22:05,914 PM EDT> <Info> <Log Management> <WTUSLVSE014013L> <> <[STANDBY] ExecuteThread: '3' for queue: 'weblogic.kernel.Default (self-tuning)'> <> <> <> <1559416925914> <[severity-value: 64] [partition-id: 0] [partition-name: DOMAIN] > <BEA-170023> <The Server Logging is initialized with Java Logging API implementation.> 
####<Jun 1, 2019 3:22:05,936 PM EDT> <Info> <IIOP> <WTUSLVSE014013L> <AdminServer> <[ACTIVE] ExecuteThread: '0' for queue: 'weblogic.kernel.Default (self-tuning)'> <<WLS Kernel>> <> <> <1559416925936> <[severity-value: 64] [partition-id: 0] [partition-name: DOMAIN] > <BEA-002014> <IIOP subsystem enabled.> 
####<Jun 1, 2019 3:22:05,963 PM EDT> <Info> <Log Management> <WTUSLVSE014013L> <AdminServer> <[STANDBY] ExecuteThread: '3' for queue: 'weblogic.kernel.Default (self-tuning)'> <<WLS Kernel>> <> <> <1559416925963> <[severity-value: 64] [partition-id: 0] [partition-name: DOMAIN] > <BEA-170025> <Initialized Domain Logging. Domain log events will be written to C:\Oracle\Middleware\Oracle_Home\user_projects\domains\gah_domain\servers\AdminServer\logs/gah_domain.log.> 
####<Jun 1, 2019 3:22:06,014 PM EDT> <Info> <Diagnostics> <WTUSLVSE014013L> <AdminServer> <[STANDBY] ExecuteThread: '3' for queue: 'weblogic.kernel.Default (self-tuning)'> <<WLS Kernel>> <> <> <1559416926014> <[severity-value: 64] [partition-id: 0] [partition-name: DOMAIN] > <BEA-320001> <The ServerDebug service initialized successfully.> 
####<Jun 1, 2019 3:22:06,037 PM EDT> <Notice> <Security> <WTUSLVSE014013L> <AdminServer> <[STANDBY] ExecuteThread: '1' for queue: 'weblogic.kernel.Default (self-tuning)'> <<WLS Kernel>> <> <> <1559416926037> <[severity-value: 32] [partition-id: 0] [partition-name: DOMAIN] > <BEA-090946> <Security pre-initializing using security realm: myrealm> 
####<Jun 1, 2019 3:22:06,104 PM EDT> <Info> <Store> <WTUSLVSE014013L> <AdminServer> <[STANDBY] ExecuteThread: '3' for queue: 'weblogic.kernel.Default (self-tuning)'> <<WLS Kernel>> <> <292557f8-d9d3-4231-b12e-8be1af642593-00000001> <1559416926104> <[severity-value: 64] [rid: 0] [partition-id: 0] [partition-name: DOMAIN] > <BEA-280008> <Opening the persistent file store "WLS_DIAGNOSTICS" for recovery: directory=C:\Oracle\Middleware\Oracle_Home\user_projects\domains\gah_domain\servers\AdminServer\data\store\diagnostics requestedWritePolicy="Disabled" fileLockingEnabled=true driver="wlfileio3".> 
####<Jun 1, 2019 3:22:06,124 PM EDT> <Info> <Store> <WTUSLVSE014013L> <AdminServer> <[STANDBY] ExecuteThread: '3' for queue: 'weblogic.kernel.Default (self-tuning)'> <<WLS Kernel>> <> <292557f8-d9d3-4231-b12e-8be1af642593-00000001> <1559416926124> <[severity-value: 64] [rid: 0] [partition-id: 0] [partition-name: DOMAIN] > <BEA-280103> <The persistent file store "WLS_DIAGNOSTICS" will cache in weblogic.store.io.file.direct.FileMapping[granularity=65536 io=mapped].> 
####<Jun 1, 2019 3:22:06,136 PM EDT> <Info> <Store> <WTUSLVSE014013L> <AdminServer> <[STANDBY] ExecuteThread: '3' for queue: 'weblogic.kernel.Default (self-tuning)'> <<WLS Kernel>> <> <292557f8-d9d3-4231-b12e-8be1af642593-00000001> <1559416926136> <[severity-value: 64] [rid: 0] [partition-id: 0] [partition-name: DOMAIN] > <BEA-280009> <The persistent file store "WLS_DIAGNOSTICS" (3e24cb6a-caff-4b18-adca-2f30e1fd5210) has been opened: blockSize=512 actualWritePolicy="Disabled(single-handle-non-direct)" explicitIOEnforced=false records=23.> 
####<Jun 1, 2019 3:22:06,277 PM EDT> <Info> <Security> <WTUSLVSE014013L> <AdminServer> <[STANDBY] ExecuteThread: '1' for queue: 'weblogic.kernel.Default (self-tuning)'> <<WLS Kernel>> <> <292557f8-d9d3-4231-b12e-8be1af642593-00000002> <1559416926277> <[severity-value: 64] [rid: 0] [partition-id: 0] [partition-name: DOMAIN] > <BEA-000000> <Starting OpenJPA 1.1.1-SNAPSHOT> 
####<Jun 1, 2019 3:22:06,316 PM EDT> <Info> <Security> <WTUSLVSE014013L> <AdminServer> <[STANDBY] ExecuteThread: '1' for queue: 'weblogic.kernel.Default (self-tuning)'> <<WLS Kernel>> <> <292557f8-d9d3-4231-b12e-8be1af642593-00000002> <1559416926316> <[severity-value: 64] [rid: 0] [partition-id: 0] [partition-name: DOMAIN] > <BEA-000000> <StoreServiceImpl.initJDO - StoreService is initialized with Id = ldap_x+RWYA1yzsXnYCeT+sM6NGGHxB4=> 
####<Jun 1, 2019 3:22:06,340 PM EDT> <Info> <Security> <WTUSLVSE014013L> <AdminServer> <[STANDBY] ExecuteThread: '1' for queue: 'weblogic.kernel.Default (self-tuning)'> <<WLS Kernel>> <> <292557f8-d9d3-4231-b12e-8be1af642593-00000002> <1559416926340> <[severity-value: 64] [rid: 0] [partition-id: 0] [partition-name: DOMAIN] > <BEA-090516> <The Authenticator provider has pre-existing LDAP data.> 
####<Jun 1, 2019 3:22:06,396 PM EDT> <Notice> <Security> <WTUSLVSE014013L> <AdminServer> <[STANDBY] ExecuteThread: '1' for queue: 'weblogic.kernel.Default (self-tuning)'> <<WLS Kernel>> <> <292557f8-d9d3-4231-b12e-8be1af642593-00000002> <1559416926396> <[severity-value: 32] [rid: 0] [partition-id: 0] [partition-name: DOMAIN] > <BEA-090947> <Security post-initializing using security realm: myrealm> 
####<Jun 1, 2019 3:22:06,517 PM EDT> <Info> <Security> <WTUSLVSE014013L> <AdminServer> <[STANDBY] ExecuteThread: '1' for queue: 'weblogic.kernel.Default (self-tuning)'> <<WLS Kernel>> <> <292557f8-d9d3-4231-b12e-8be1af642593-00000002> <1559416926517> <[severity-value: 64] [rid: 0] [partition-id: 0] [partition-name: DOMAIN] > <BEA-090516> <The Authorizer provider has preexisting LDAP data.> 
####<Jun 1, 2019 3:22:06,843 PM EDT> <Info> <Security> <WTUSLVSE014013L> <AdminServer> <[STANDBY] ExecuteThread: '1' for queue: 'weblogic.kernel.Default (self-tuning)'> <<WLS Kernel>> <> <292557f8-d9d3-4231-b12e-8be1af642593-00000002> <1559416926843> <[severity-value: 64] [rid: 0] [partition-id: 0] [partition-name: DOMAIN] > <BEA-090516> <The CredentialMapper provider has preexisting LDAP data.> 
####<Jun 1, 2019 3:22:06,849 PM EDT> <Info> <Security> <WTUSLVSE014013L> <AdminServer> <[STANDBY] ExecuteThread: '1' for queue: 'weblogic.kernel.Default (self-tuning)'> <<WLS Kernel>> <> <292557f8-d9d3-4231-b12e-8be1af642593-00000002> <1559416926849> <[severity-value: 64] [rid: 0] [partition-id: 0] [partition-name: DOMAIN] > <BEA-090516> <The RoleMapper provider has preexisting LDAP data.> 
####<Jun 1, 2019 3:22:06,955 PM EDT> <Notice> <Security> <WTUSLVSE014013L> <AdminServer> <[STANDBY] ExecuteThread: '1' for queue: 'weblogic.kernel.Default (self-tuning)'> <<WLS Kernel>> <> <292557f8-d9d3-4231-b12e-8be1af642593-00000002> <1559416926955> <[severity-value: 32] [rid: 0] [partition-id: 0] [partition-name: DOMAIN] > <BEA-090082> <Security initialized using administrative security realm: myrealm> 
####<Jun 1, 2019 3:22:07,314 PM EDT> <Info> <Connector> <WTUSLVSE014013L> <AdminServer> <[ACTIVE] ExecuteThread: '0' for queue: 'weblogic.kernel.Default (self-tuning)'> <<WLS Kernel>> <> <292557f8-d9d3-4231-b12e-8be1af642593-00000003> <1559416927314> <[severity-value: 64] [rid: 0] [partition-id: 0] [partition-name: DOMAIN] > <BEA-190000> <Initializing Java EE Connector Service.> 
####<Jun 1, 2019 3:22:07,319 PM EDT> <Info> <Connector> <WTUSLVSE014013L> <AdminServer> <[ACTIVE] ExecuteThread: '0' for queue: 'weblogic.kernel.Default (self-tuning)'> <<WLS Kernel>> <> <292557f8-d9d3-4231-b12e-8be1af642593-00000003> <1559416927319> <[severity-value: 64] [rid: 0] [partition-id: 0] [partition-name: DOMAIN] > <BEA-190001> <Java EE Connector Service initialized successfully.> 
####<Jun 1, 2019 3:22:07,367 PM EDT> <Info> <Store> <WTUSLVSE014013L> <AdminServer> <[STANDBY] ExecuteThread: '3' for queue: 'weblogic.kernel.Default (self-tuning)'> <<WLS Kernel>> <> <292557f8-d9d3-4231-b12e-8be1af642593-00000001> <1559416927367> <[severity-value: 64] [rid: 0] [partition-id: 0] [partition-name: DOMAIN] > <BEA-280008> <Opening the persistent file store "_WLS_AdminServer" for recovery: directory=C:\Oracle\Middleware\Oracle_Home\user_projects\domains\gah_domain\servers\AdminServer\data\store\default requestedWritePolicy="Direct-Write" fileLockingEnabled=true driver="wlfileio3".> 
####<Jun 1, 2019 3:22:07,383 PM EDT> <Notice> <JMX> <WTUSLVSE014013L> <AdminServer> <[STANDBY] ExecuteThread: '1' for queue: 'weblogic.kernel.Default (self-tuning)'> <<WLS Kernel>> <> <292557f8-d9d3-4231-b12e-8be1af642593-00000002> <1559416927383> <[severity-value: 32] [rid: 0] [partition-id: 0] [partition-name: DOMAIN] > <BEA-149512> <JMX Connector Server started at service:jmx:iiop://192.168.86.23:7001/jndi/weblogic.management.mbeanservers.runtime.> 
####<Jun 1, 2019 3:22:07,389 PM EDT> <Info> <Store> <WTUSLVSE014013L> <AdminServer> <[STANDBY] ExecuteThread: '3' for queue: 'weblogic.kernel.Default (self-tuning)'> <<WLS Kernel>> <> <292557f8-d9d3-4231-b12e-8be1af642593-00000001> <1559416927389> <[severity-value: 64] [rid: 0] [partition-id: 0] [partition-name: DOMAIN] > <BEA-280009> <The persistent file store "_WLS_AdminServer" (8afae86e-d37c-4068-aaf5-3d627c40e2fd) has been opened: blockSize=512 actualWritePolicy="Direct-Write(read-buffered)" explicitIOEnforced=false records=15.> 
####<Jun 1, 2019 3:22:07,410 PM EDT> <Info> <messaging.interception> <WTUSLVSE014013L> <AdminServer> <[STANDBY] ExecuteThread: '1' for queue: 'weblogic.kernel.Default (self-tuning)'> <<WLS Kernel>> <> <292557f8-d9d3-4231-b12e-8be1af642593-00000002> <1559416927410> <[severity-value: 64] [rid: 0] [partition-id: 0] [partition-name: DOMAIN] > <BEA-400000> <Initializing message interception service.> 
####<Jun 1, 2019 3:22:07,454 PM EDT> <Info> <JMS> <WTUSLVSE014013L> <AdminServer> <[ACTIVE] ExecuteThread: '0' for queue: 'weblogic.kernel.Default (self-tuning)'> <<WLS Kernel>> <> <292557f8-d9d3-4231-b12e-8be1af642593-00000003> <1559416927454> <[severity-value: 64] [rid: 0] [partition-id: 0] [partition-name: DOMAIN] > <BEA-040305> <JMS service is initialized and in standby mode.> 
####<Jun 1, 2019 3:22:07,486 PM EDT> <Info> <JDBC> <WTUSLVSE014013L> <AdminServer> <[STANDBY] ExecuteThread: '3' for queue: 'weblogic.kernel.Default (self-tuning)'> <<WLS Kernel>> <> <292557f8-d9d3-4231-b12e-8be1af642593-00000001> <1559416927486> <[severity-value: 64] [rid: 0] [partition-id: 0] [partition-name: DOMAIN] > <BEA-001135> <Initializing the JDBC service.> 
####<Jun 1, 2019 3:22:07,490 PM EDT> <Info> <JMS> <WTUSLVSE014013L> <AdminServer> <[ACTIVE] ExecuteThread: '0' for queue: 'weblogic.kernel.Default (self-tuning)'> <<WLS Kernel>> <> <292557f8-d9d3-4231-b12e-8be1af642593-00000003> <1559416927490> <[severity-value: 64] [rid: 0] [partition-id: 0] [partition-name: DOMAIN] > <BEA-040090> <Deployed 8 default connection factories.> 
####<Jun 1, 2019 3:22:07,494 PM EDT> <Info> <JMS> <WTUSLVSE014013L> <AdminServer> <[ACTIVE] ExecuteThread: '0' for queue: 'weblogic.kernel.Default (self-tuning)'> <<WLS Kernel>> <> <292557f8-d9d3-4231-b12e-8be1af642593-00000003> <1559416927494> <[severity-value: 64] [rid: 0] [partition-id: 0] [partition-name: DOMAIN] > <BEA-040407> <Default connection factory "DefaultConnectionFactory" with its JNDI name "weblogic.jms.ConnectionFactory" is started.> 
####<Jun 1, 2019 3:22:07,494 PM EDT> <Info> <JMS> <WTUSLVSE014013L> <AdminServer> <[ACTIVE] ExecuteThread: '0' for queue: 'weblogic.kernel.Default (self-tuning)'> <<WLS Kernel>> <> <292557f8-d9d3-4231-b12e-8be1af642593-00000003> <1559416927494> <[severity-value: 64] [rid: 0] [partition-id: 0] [partition-name: DOMAIN] > <BEA-040407> <Default connection factory "TopicConnectionFactory" with its JNDI name "javax.jms.TopicConnectionFactory" is started.> 
####<Jun 1, 2019 3:22:07,494 PM EDT> <Info> <JMS> <WTUSLVSE014013L> <AdminServer> <[ACTIVE] ExecuteThread: '0' for queue: 'weblogic.kernel.Default (self-tuning)'> <<WLS Kernel>> <> <292557f8-d9d3-4231-b12e-8be1af642593-00000003> <1559416927494> <[severity-value: 64] [rid: 0] [partition-id: 0] [partition-name: DOMAIN] > <BEA-040407> <Default connection factory "DefaultXAConnectionFactory1" with its JNDI name "weblogic.jms.XAConnectionFactory1" is started.> 
####<Jun 1, 2019 3:22:07,494 PM EDT> <Info> <JMS> <WTUSLVSE014013L> <AdminServer> <[ACTIVE] ExecuteThread: '0' for queue: 'weblogic.kernel.Default (self-tuning)'> <<WLS Kernel>> <> <292557f8-d9d3-4231-b12e-8be1af642593-00000003> <1559416927494> <[severity-value: 64] [rid: 0] [partition-id: 0] [partition-name: DOMAIN] > <BEA-040407> <Default connection factory "DefaultXAConnectionFactory0" with its JNDI name "weblogic.jms.XAConnectionFactory0" is started.> 
####<Jun 1, 2019 3:22:07,494 PM EDT> <Info> <JMS> <WTUSLVSE014013L> <AdminServer> <[ACTIVE] ExecuteThread: '0' for queue: 'weblogic.kernel.Default (self-tuning)'> <<WLS Kernel>> <> <292557f8-d9d3-4231-b12e-8be1af642593-00000003> <1559416927494> <[severity-value: 64] [rid: 0] [partition-id: 0] [partition-name: DOMAIN] > <BEA-040407> <Default connection factory "PlatformDefaultConnectionFactory" with its JNDI name "weblogic.jms.DefaultConnectionFactory" is started.> 
####<Jun 1, 2019 3:22:07,494 PM EDT> <Info> <JMS> <WTUSLVSE014013L> <AdminServer> <[ACTIVE] ExecuteThread: '0' for queue: 'weblogic.kernel.Default (self-tuning)'> <<WLS Kernel>> <> <292557f8-d9d3-4231-b12e-8be1af642593-00000003> <1559416927494> <[severity-value: 64] [rid: 0] [partition-id: 0] [partition-name: DOMAIN] > <BEA-040407> <Default connection factory "QueueConnectionFactory" with its JNDI name "javax.jms.QueueConnectionFactory" is started.> 
####<Jun 1, 2019 3:22:07,494 PM EDT> <Info> <JMS> <WTUSLVSE014013L> <AdminServer> <[ACTIVE] ExecuteThread: '0' for queue: 'weblogic.kernel.Default (self-tuning)'> <<WLS Kernel>> <> <292557f8-d9d3-4231-b12e-8be1af642593-00000003> <1559416927494> <[severity-value: 64] [rid: 0] [partition-id: 0] [partition-name: DOMAIN] > <BEA-040407> <Default connection factory "MessageDrivenBeanConnectionFactory" with its JNDI name "weblogic.jms.MessageDrivenBeanConnectionFactory" is started.> 
####<Jun 1, 2019 3:22:07,494 PM EDT> <Info> <JMS> <WTUSLVSE014013L> <AdminServer> <[ACTIVE] ExecuteThread: '0' for queue: 'weblogic.kernel.Default (self-tuning)'> <<WLS Kernel>> <> <292557f8-d9d3-4231-b12e-8be1af642593-00000003> <1559416927494> <[severity-value: 64] [rid: 0] [partition-id: 0] [partition-name: DOMAIN] > <BEA-040407> <Default connection factory "DefaultXAConnectionFactory" with its JNDI name "weblogic.jms.XAConnectionFactory" is started.> 
####<Jun 1, 2019 3:22:07,498 PM EDT> <Info> <JMS> <WTUSLVSE014013L> <AdminServer> <[ACTIVE] ExecuteThread: '0' for queue: 'weblogic.kernel.Default (self-tuning)'> <<WLS Kernel>> <> <292557f8-d9d3-4231-b12e-8be1af642593-00000003> <1559416927498> <[severity-value: 64] [rid: 0] [partition-id: 0] [partition-name: DOMAIN] > <BEA-040407> <Default connection factory "DefaultXAConnectionFactory2" with its JNDI name "weblogic.jms.XAConnectionFactory2" is started.> 
####<Jun 1, 2019 3:22:07,498 PM EDT> <Info> <JMS> <WTUSLVSE014013L> <AdminServer> <[ACTIVE] ExecuteThread: '0' for queue: 'weblogic.kernel.Default (self-tuning)'> <<WLS Kernel>> <> <292557f8-d9d3-4231-b12e-8be1af642593-00000003> <1559416927498> <[severity-value: 64] [rid: 0] [partition-id: 0] [partition-name: DOMAIN] > <BEA-040306> <JMS service is active now.> 
####<Jun 1, 2019 3:22:07,506 PM EDT> <Info> <JDBC> <WTUSLVSE014013L> <AdminServer> <[STANDBY] ExecuteThread: '3' for queue: 'weblogic.kernel.Default (self-tuning)'> <<WLS Kernel>> <> <292557f8-d9d3-4231-b12e-8be1af642593-00000001> <1559416927506> <[severity-value: 64] [rid: 0] [partition-id: 0] [partition-name: DOMAIN] > <BEA-001137> <Initialization complete.> 
####<Jun 1, 2019 3:22:07,506 PM EDT> <Info> <JDBC> <WTUSLVSE014013L> <AdminServer> <[STANDBY] ExecuteThread: '3' for queue: 'weblogic.kernel.Default (self-tuning)'> <<WLS Kernel>> <> <292557f8-d9d3-4231-b12e-8be1af642593-00000001> <1559416927506> <[severity-value: 64] [rid: 0] [partition-id: 0] [partition-name: DOMAIN] > <BEA-001138> <Resuming the JDBC service.> 
####<Jun 1, 2019 3:22:07,510 PM EDT> <Info> <JDBC> <WTUSLVSE014013L> <AdminServer> <[STANDBY] ExecuteThread: '3' for queue: 'weblogic.kernel.Default (self-tuning)'> <<WLS Kernel>> <> <292557f8-d9d3-4231-b12e-8be1af642593-00000001> <1559416927510> <[severity-value: 64] [rid: 0] [partition-id: 0] [partition-name: DOMAIN] > <BEA-001140> <Resume complete.> 
####<Jun 1, 2019 3:22:07,543 PM EDT> <Info> <Server> <WTUSLVSE014013L> <AdminServer> <[STANDBY] ExecuteThread: '1' for queue: 'weblogic.kernel.Default (self-tuning)'> <<WLS Kernel>> <> <292557f8-d9d3-4231-b12e-8be1af642593-00000002> <1559416927543> <[severity-value: 64] [rid: 0] [partition-id: 0] [partition-name: DOMAIN] > <BEA-002622> <The protocol "[admin, iiops, snmp, ldaps, cluster-broadcast-secure, iiop, t3s, ldap, cluster-broadcast, http, https, t3]" is now configured.> 
####<Jun 1, 2019 3:22:08,127 PM EDT> <Notice> <JMX> <WTUSLVSE014013L> <AdminServer> <[STANDBY] ExecuteThread: '2' for queue: 'weblogic.kernel.Default (self-tuning)'> <<WLS Kernel>> <> <292557f8-d9d3-4231-b12e-8be1af642593-00000004> <1559416928127> <[severity-value: 32] [rid: 0] [partition-id: 0] [partition-name: DOMAIN] > <BEA-149512> <JMX Connector Server started at service:jmx:iiop://192.168.86.23:7001/jndi/weblogic.management.mbeanservers.domainruntime.> 
####<Jun 1, 2019 3:22:08,148 PM EDT> <Info> <HTTP> <WTUSLVSE014013L> <AdminServer> <[STANDBY] ExecuteThread: '2' for queue: 'weblogic.kernel.Default (self-tuning)'> <<WLS Kernel>> <> <292557f8-d9d3-4231-b12e-8be1af642593-00000004> <1559416928148> <[severity-value: 64] [rid: 0] [partition-id: 0] [partition-name: DOMAIN] > <BEA-101128> <Initializing HTTP services.> 
####<Jun 1, 2019 3:22:08,160 PM EDT> <Info> <HTTP> <WTUSLVSE014013L> <AdminServer> <[STANDBY] ExecuteThread: '2' for queue: 'weblogic.kernel.Default (self-tuning)'> <<WLS Kernel>> <> <292557f8-d9d3-4231-b12e-8be1af642593-00000004> <1559416928160> <[severity-value: 64] [rid: 0] [partition-id: 0] [partition-name: DOMAIN] > <BEA-101135> <AdminServer is the default Web server.> 
####<Jun 1, 2019 3:22:08,164 PM EDT> <Info> <HTTP> <WTUSLVSE014013L> <AdminServer> <[STANDBY] ExecuteThread: '2' for queue: 'weblogic.kernel.Default (self-tuning)'> <<WLS Kernel>> <> <292557f8-d9d3-4231-b12e-8be1af642593-00000004> <1559416928164> <[severity-value: 64] [rid: 0] [partition-id: 0] [partition-name: DOMAIN] > <BEA-101052> <[HttpServer (defaultWebserver) name: AdminServer] Initialized> 
####<Jun 1, 2019 3:22:08,172 PM EDT> <Info> <HTTP> <WTUSLVSE014013L> <AdminServer> <[STANDBY] ExecuteThread: '2' for queue: 'weblogic.kernel.Default (self-tuning)'> <<WLS Kernel>> <> <292557f8-d9d3-4231-b12e-8be1af642593-00000004> <1559416928172> <[severity-value: 64] [rid: 0] [partition-id: 0] [partition-name: DOMAIN] > <BEA-101129> <Initializing the Web application container.> 
####<Jun 1, 2019 3:22:08,188 PM EDT> <Info> <JDBC> <WTUSLVSE014013L> <AdminServer> <[ACTIVE] ExecuteThread: '0' for queue: 'weblogic.kernel.Default (self-tuning)'> <<WLS Kernel>> <> <292557f8-d9d3-4231-b12e-8be1af642593-00000005> <1559416928188> <[severity-value: 64] [rid: 0] [partition-id: 0] [partition-name: DOMAIN] > <BEA-001589> <Setting all data source statement cache sizes to 100% of configured sizes due to memory pressure level of 0.> 
####<Jun 1, 2019 3:22:08,192 PM EDT> <Notice> <JMX> <WTUSLVSE014013L> <AdminServer> <[STANDBY] ExecuteThread: '1' for queue: 'weblogic.kernel.Default (self-tuning)'> <<WLS Kernel>> <> <292557f8-d9d3-4231-b12e-8be1af642593-00000002> <1559416928192> <[severity-value: 32] [rid: 0] [partition-id: 0] [partition-name: DOMAIN] > <BEA-149512> <JMX Connector Server started at service:jmx:iiop://192.168.86.23:7001/jndi/weblogic.management.mbeanservers.edit.> 
####<Jun 1, 2019 3:22:08,641 PM EDT> <Info> <CONCURRENCY> <WTUSLVSE014013L> <AdminServer> <[STANDBY] ExecuteThread: '3' for queue: 'weblogic.kernel.Default (self-tuning)'> <<WLS Kernel>> <> <292557f8-d9d3-4231-b12e-8be1af642593-00000001> <1559416928641> <[severity-value: 64] [rid: 0] [partition-id: 0] [partition-name: DOMAIN] > <BEA-2162601> <Creating ContextService "DefaultContextService" (partition="DOMAIN", module="null", application="bea_wls_internal")> 
####<Jun 1, 2019 3:22:08,648 PM EDT> <Info> <CONCURRENCY> <WTUSLVSE014013L> <AdminServer> <[STANDBY] ExecuteThread: '3' for queue: 'weblogic.kernel.Default (self-tuning)'> <<WLS Kernel>> <> <292557f8-d9d3-4231-b12e-8be1af642593-00000001> <1559416928648> <[severity-value: 64] [rid: 0] [partition-id: 0] [partition-name: DOMAIN] > <BEA-2162600> <Creating ManagedThreadFactory "DefaultManagedThreadFactory" (partition="DOMAIN", module="null", application="bea_wls_internal")> 
####<Jun 1, 2019 3:22:08,652 PM EDT> <Info> <CONCURRENCY> <WTUSLVSE014013L> <AdminServer> <[STANDBY] ExecuteThread: '3' for queue: 'weblogic.kernel.Default (self-tuning)'> <<WLS Kernel>> <> <292557f8-d9d3-4231-b12e-8be1af642593-00000001> <1559416928652> <[severity-value: 64] [rid: 0] [partition-id: 0] [partition-name: DOMAIN] > <BEA-2162610> <Creating ManagedExecutorService "DefaultManagedExecutorService" (partition="DOMAIN", module="null", application="bea_wls_internal", workmanager="default")> 
####<Jun 1, 2019 3:22:08,656 PM EDT> <Info> <CONCURRENCY> <WTUSLVSE014013L> <AdminServer> <[STANDBY] ExecuteThread: '3' for queue: 'weblogic.kernel.Default (self-tuning)'> <<WLS Kernel>> <> <292557f8-d9d3-4231-b12e-8be1af642593-00000001> <1559416928656> <[severity-value: 64] [rid: 0] [partition-id: 0] [partition-name: DOMAIN] > <BEA-2162611> <Creating ManagedScheduledExecutorService "DefaultManagedScheduledExecutorService" (partition="DOMAIN", module="null", application="bea_wls_internal", workmanager="default")> 
####<Jun 1, 2019 3:22:08,816 PM EDT> <Info> <org.hibernate.validator.internal.util.Version> <WTUSLVSE014013L> <AdminServer> <[STANDBY] ExecuteThread: '3' for queue: 'weblogic.kernel.Default (self-tuning)'> <<WLS Kernel>> <> <292557f8-d9d3-4231-b12e-8be1af642593-00000001> <1559416928816> <[severity-value: 64] [rid: 0] [partition-id: 0] [partition-name: DOMAIN] > <BEA-000000> <HV000001: Hibernate Validator 5.1.3.Final> 
####<Jun 1, 2019 3:22:08,964 PM EDT> <Notice> <WebLogicServer> <WTUSLVSE014013L> <AdminServer> <[STANDBY] ExecuteThread: '3' for queue: 'weblogic.kernel.Default (self-tuning)'> <<WLS Kernel>> <> <292557f8-d9d3-4231-b12e-8be1af642593-00000001> <1559416928964> <[severity-value: 32] [rid: 0] [partition-id: 0] [partition-name: DOMAIN] > <BEA-000365> <Server state changed to STANDBY.> 
####<Jun 1, 2019 3:22:08,968 PM EDT> <Notice> <WebLogicServer> <WTUSLVSE014013L> <AdminServer> <[STANDBY] ExecuteThread: '3' for queue: 'weblogic.kernel.Default (self-tuning)'> <<WLS Kernel>> <> <292557f8-d9d3-4231-b12e-8be1af642593-00000001> <1559416928968> <[severity-value: 32] [rid: 0] [partition-id: 0] [partition-name: DOMAIN] > <BEA-000365> <Server state changed to STARTING.> 
####<Jun 1, 2019 3:22:09,012 PM EDT> <Notice> <Log Management> <WTUSLVSE014013L> <AdminServer> <[STANDBY] ExecuteThread: '3' for queue: 'weblogic.kernel.Default (self-tuning)'> <<WLS Kernel>> <> <292557f8-d9d3-4231-b12e-8be1af642593-00000006> <1559416929012> <[severity-value: 32] [rid: 0] [partition-id: 0] [partition-name: DOMAIN] > <BEA-170036> <The Logging monitoring service timer has started to check for logged message counts every 30 seconds.> 
####<Jun 1, 2019 3:22:09,012 PM EDT> <Info> <Log Management> <WTUSLVSE014013L> <AdminServer> <[STANDBY] ExecuteThread: '4' for queue: 'weblogic.kernel.Default (self-tuning)'> <<WLS Kernel>> <> <292557f8-d9d3-4231-b12e-8be1af642593-00000007> <1559416929012> <[severity-value: 64] [rid: 0] [partition-id: 0] [partition-name: DOMAIN] > <BEA-170031> <The Server Logging bridge has initialized successfully.> 
####<Jun 1, 2019 3:22:09,020 PM EDT> <Info> <SAFService> <WTUSLVSE014013L> <AdminServer> <[STANDBY] ExecuteThread: '3' for queue: 'weblogic.kernel.Default (self-tuning)'> <<WLS Kernel>> <> <292557f8-d9d3-4231-b12e-8be1af642593-00000006> <1559416929020> <[severity-value: 64] [rid: 0] [partition-id: 0] [partition-name: DOMAIN] > <BEA-281003> <The SAF service has been initialized.> 
####<Jun 1, 2019 3:22:09,020 PM EDT> <Info> <SAFService> <WTUSLVSE014013L> <AdminServer> <[STANDBY] ExecuteThread: '3' for queue: 'weblogic.kernel.Default (self-tuning)'> <<WLS Kernel>> <> <292557f8-d9d3-4231-b12e-8be1af642593-00000006> <1559416929020> <[severity-value: 64] [rid: 0] [partition-id: 0] [partition-name: DOMAIN] > <BEA-281002> <The SAF service has been started.> 
####<Jun 1, 2019 3:22:09,052 PM EDT> <Info> <Deployer> <WTUSLVSE014013L> <AdminServer> <[STANDBY] ExecuteThread: '2' for queue: 'weblogic.kernel.Default (self-tuning)'> <<WLS Kernel>> <> <292557f8-d9d3-4231-b12e-8be1af642593-00000008> <1559416929052> <[severity-value: 64] [rid: 0] [partition-id: 0] [partition-name: DOMAIN] > <BEA-149209> <The Slave Deployer is resuming.> 
####<Jun 1, 2019 3:22:09,166 PM EDT> <Info> <EJB> <WTUSLVSE014013L> <AdminServer> <[STANDBY] ExecuteThread: '10' for queue: 'weblogic.kernel.Default (self-tuning)'> <<WLS Kernel>> <> <292557f8-d9d3-4231-b12e-8be1af642593-00000009> <1559416929166> <[severity-value: 64] [rid: 0] [partition-id: 0] [partition-name: DOMAIN] > <BEA-015076> <EJB module [mejb.jar] created.> 
####<Jun 1, 2019 3:22:09,191 PM EDT> <Info> <WebLogicServer> <WTUSLVSE014013L> <AdminServer> <[STANDBY] ExecuteThread: '2' for queue: 'weblogic.kernel.Default (self-tuning)'> <<WLS Kernel>> <> <292557f8-d9d3-4231-b12e-8be1af642593-00000008> <1559416929191> <[severity-value: 64] [rid: 0] [partition-id: 0] [partition-name: DOMAIN] > <BEA-000256> <Invoking weblogic.transaction.internal.StartupClass.main(null)> 
####<Jun 1, 2019 3:22:09,200 PM EDT> <Info> <Diagnostics> <WTUSLVSE014013L> <AdminServer> <[STANDBY] ExecuteThread: '4' for queue: 'weblogic.kernel.Default (self-tuning)'> <<WLS Kernel>> <> <292557f8-d9d3-4231-b12e-8be1af642593-00000007> <1559416929200> <[severity-value: 64] [rid: 0] > <BEA-320000> <The Diagnostics subsystem is initializing on Server AdminServer.> 
####<Jun 1, 2019 3:22:09,218 PM EDT> <Notice> <Log Management> <WTUSLVSE014013L> <AdminServer> <[STANDBY] ExecuteThread: '5' for queue: 'weblogic.kernel.Default (self-tuning)'> <<WLS Kernel>> <> <292557f8-d9d3-4231-b12e-8be1af642593-0000000a> <1559416929218> <[severity-value: 32] [rid: 0] [partition-id: 0] [partition-name: DOMAIN] > <BEA-170027> <The server has successfully established a connection with the Domain level Diagnostic Service.> 
####<Jun 1, 2019 3:22:09,281 PM EDT> <Info> <Diagnostics> <WTUSLVSE014013L> <AdminServer> <[STANDBY] ExecuteThread: '4' for queue: 'weblogic.kernel.Default (self-tuning)'> <<WLS Kernel>> <> <292557f8-d9d3-4231-b12e-8be1af642593-00000007> <1559416929281> <[severity-value: 64] [rid: 0] [partition-id: 0] [partition-name: DOMAIN] > <BEA-320077> <Initialized the Diagnostic Accessor Service.> 
####<Jun 1, 2019 3:22:09,293 PM EDT> <Info> <HealthCheckService> <WTUSLVSE014013L> <AdminServer> <[STANDBY] ExecuteThread: '4' for queue: 'weblogic.kernel.Default (self-tuning)'> <<WLS Kernel>> <> <292557f8-d9d3-4231-b12e-8be1af642593-00000007> <1559416929293> <[severity-value: 64] [rid: 0] [partition-id: 0] [partition-name: DOMAIN] > <BEA-000000> <Registered health check MachineHealthCheck successfully with health check service> 
####<Jun 1, 2019 3:22:09,293 PM EDT> <Info> <HealthCheckService> <WTUSLVSE014013L> <AdminServer> <[STANDBY] ExecuteThread: '4' for queue: 'weblogic.kernel.Default (self-tuning)'> <<WLS Kernel>> <> <292557f8-d9d3-4231-b12e-8be1af642593-00000007> <1559416929293> <[severity-value: 64] [rid: 0] [partition-id: 0] [partition-name: DOMAIN] > <BEA-000000> <Health check service enabled> 
####<Jun 1, 2019 3:22:09,294 PM EDT> <Notice> <WebLogicServer> <WTUSLVSE014013L> <AdminServer> <[STANDBY] ExecuteThread: '4' for queue: 'weblogic.kernel.Default (self-tuning)'> <<WLS Kernel>> <> <292557f8-d9d3-4231-b12e-8be1af642593-00000007> <1559416929294> <[severity-value: 32] [rid: 0] [partition-id: 0] [partition-name: DOMAIN] > <BEA-000365> <Server state changed to ADMIN.> 
####<Jun 1, 2019 3:22:09,352 PM EDT> <Notice> <WebLogicServer> <WTUSLVSE014013L> <AdminServer> <[STANDBY] ExecuteThread: '4' for queue: 'weblogic.kernel.Default (self-tuning)'> <<WLS Kernel>> <> <292557f8-d9d3-4231-b12e-8be1af642593-00000007> <1559416929352> <[severity-value: 32] [rid: 0] [partition-id: 0] [partition-name: DOMAIN] > <BEA-000365> <Server state changed to RESUMING.> 
####<Jun 1, 2019 3:22:09,364 PM EDT> <Info> <Management> <WTUSLVSE014013L> <AdminServer> <[STANDBY] ExecuteThread: '1' for queue: 'weblogic.kernel.Default (self-tuning)'> <<WLS Kernel>> <> <292557f8-d9d3-4231-b12e-8be1af642593-0000000b> <1559416929364> <[severity-value: 64] [rid: 0] [partition-id: 0] [partition-name: DOMAIN] > <BEA-141052> <The auto deployment poller has started.> 
####<Jun 1, 2019 3:22:09,386 PM EDT> <Warning> <Server> <WTUSLVSE014013L> <AdminServer> <[STANDBY] ExecuteThread: '1' for queue: 'weblogic.kernel.Default (self-tuning)'> <<WLS Kernel>> <> <292557f8-d9d3-4231-b12e-8be1af642593-0000000b> <1559416929386> <[severity-value: 16] [rid: 0] [partition-id: 0] [partition-name: DOMAIN] > <BEA-002611> <The hostname "WTUSLVSE014013L.nam.gad.schneider-electric.com", maps to multiple IP addresses: 192.168.86.23, fe80:0:0:0:64aa:9459:a9d9:2175%2.> 
####<Jun 1, 2019 3:22:09,386 PM EDT> <Notice> <Server> <WTUSLVSE014013L> <AdminServer> <weblogic.socket.ServerListenThread> <<WLS Kernel>> <> <292557f8-d9d3-4231-b12e-8be1af642593-0000000c> <1559416929386> <[severity-value: 32] [rid: 0] [partition-id: 0] [partition-name: DOMAIN] > <BEA-002613> <Channel "Default[1]" is now listening on 127.0.0.1:7001 for protocols iiop, t3, ldap, snmp, http.> 
####<Jun 1, 2019 3:22:09,388 PM EDT> <Info> <Server> <WTUSLVSE014013L> <AdminServer> <[STANDBY] ExecuteThread: '1' for queue: 'weblogic.kernel.Default (self-tuning)'> <<WLS Kernel>> <> <292557f8-d9d3-4231-b12e-8be1af642593-0000000b> <1559416929388> <[severity-value: 64] [rid: 0] [partition-id: 0] [partition-name: DOMAIN] > <BEA-002610> <Dynamic Listener Service initialized.> 
####<Jun 1, 2019 3:22:09,388 PM EDT> <Notice> <Server> <WTUSLVSE014013L> <AdminServer> <weblogic.socket.ServerListenThread> <<WLS Kernel>> <> <292557f8-d9d3-4231-b12e-8be1af642593-0000000c> <1559416929388> <[severity-value: 32] [rid: 0] [partition-id: 0] [partition-name: DOMAIN] > <BEA-002613> <Channel "Default" is now listening on 192.168.86.23:7001 for protocols iiop, t3, ldap, snmp, http.> 
####<Jun 1, 2019 3:22:09,389 PM EDT> <Notice> <WebLogicServer> <WTUSLVSE014013L> <AdminServer> <[STANDBY] ExecuteThread: '1' for queue: 'weblogic.kernel.Default (self-tuning)'> <<WLS Kernel>> <> <292557f8-d9d3-4231-b12e-8be1af642593-0000000b> <1559416929389> <[severity-value: 32] [rid: 0] [partition-id: 0] [partition-name: DOMAIN] > <BEA-000331> <Started the WebLogic Server Administration Server "AdminServer" for domain "gah_domain" running in development mode.> 
####<Jun 1, 2019 3:22:09,389 PM EDT> <Notice> <Server> <WTUSLVSE014013L> <AdminServer> <weblogic.socket.ServerListenThread> <<WLS Kernel>> <> <292557f8-d9d3-4231-b12e-8be1af642593-0000000c> <1559416929389> <[severity-value: 32] [rid: 0] [partition-id: 0] [partition-name: DOMAIN] > <BEA-002613> <Channel "Default[2]" is now listening on 0:0:0:0:0:0:0:1:7001 for protocols iiop, t3, ldap, snmp, http.> 
####<Jun 1, 2019 3:22:09,392 PM EDT> <Notice> <Server> <WTUSLVSE014013L> <AdminServer> <weblogic.socket.ServerListenThread> <<WLS Kernel>> <> <292557f8-d9d3-4231-b12e-8be1af642593-0000000c> <1559416929392> <[severity-value: 32] [rid: 0] [partition-id: 0] [partition-name: DOMAIN] > <BEA-002613> <Channel "Default[1]" is now listening on 127.0.0.1:7001 for protocols iiop, t3, ldap, snmp, http.> 
####<Jun 1, 2019 3:22:09,393 PM EDT> <Notice> <Server> <WTUSLVSE014013L> <AdminServer> <weblogic.socket.ServerListenThread> <<WLS Kernel>> <> <292557f8-d9d3-4231-b12e-8be1af642593-0000000c> <1559416929393> <[severity-value: 32] [rid: 0] [partition-id: 0] [partition-name: DOMAIN] > <BEA-002613> <Channel "Default" is now listening on 192.168.86.23:7001 for protocols iiop, t3, ldap, snmp, http.> 
####<Jun 1, 2019 3:22:09,394 PM EDT> <Notice> <Server> <WTUSLVSE014013L> <AdminServer> <weblogic.socket.ServerListenThread> <<WLS Kernel>> <> <292557f8-d9d3-4231-b12e-8be1af642593-0000000c> <1559416929394> <[severity-value: 32] [rid: 0] [partition-id: 0] [partition-name: DOMAIN] > <BEA-002613> <Channel "Default[2]" is now listening on 0:0:0:0:0:0:0:1:7001 for protocols iiop, t3, ldap, snmp, http.> 
####<Jun 1, 2019 3:22:09,402 PM EDT> <Notice> <WebLogicServer> <WTUSLVSE014013L> <AdminServer> <[STANDBY] ExecuteThread: '10' for queue: 'weblogic.kernel.Default (self-tuning)'> <<WLS Kernel>> <> <292557f8-d9d3-4231-b12e-8be1af642593-0000000d> <1559416929402> <[severity-value: 32] [rid: 0] [partition-id: 0] [partition-name: DOMAIN] > <BEA-000360> <The server started in RUNNING mode.> 
####<Jun 1, 2019 3:22:09,408 PM EDT> <Notice> <WebLogicServer> <WTUSLVSE014013L> <AdminServer> <[STANDBY] ExecuteThread: '10' for queue: 'weblogic.kernel.Default (self-tuning)'> <<WLS Kernel>> <> <292557f8-d9d3-4231-b12e-8be1af642593-0000000d> <1559416929408> <[severity-value: 32] [rid: 0] [partition-id: 0] [partition-name: DOMAIN] > <BEA-000365> <Server state changed to RUNNING.> 
####<Jun 1, 2019 3:22:09,665 PM EDT> <Info> <CONCURRENCY> <WTUSLVSE014013L> <AdminServer> <[STANDBY] ExecuteThread: '7' for queue: 'weblogic.kernel.Default (self-tuning)'> <<WLS Kernel>> <> <292557f8-d9d3-4231-b12e-8be1af642593-0000000e> <1559416929665> <[severity-value: 64] [rid: 0] [partition-id: 0] [partition-name: DOMAIN] > <BEA-2162601> <Creating ContextService "DefaultContextService" (partition="DOMAIN", module="null", application="wls-management-services")> 
####<Jun 1, 2019 3:22:09,666 PM EDT> <Info> <CONCURRENCY> <WTUSLVSE014013L> <AdminServer> <[STANDBY] ExecuteThread: '7' for queue: 'weblogic.kernel.Default (self-tuning)'> <<WLS Kernel>> <> <292557f8-d9d3-4231-b12e-8be1af642593-0000000e> <1559416929666> <[severity-value: 64] [rid: 0] [partition-id: 0] [partition-name: DOMAIN] > <BEA-2162600> <Creating ManagedThreadFactory "DefaultManagedThreadFactory" (partition="DOMAIN", module="null", application="wls-management-services")> 
####<Jun 1, 2019 3:22:09,667 PM EDT> <Info> <CONCURRENCY> <WTUSLVSE014013L> <AdminServer> <[STANDBY] ExecuteThread: '7' for queue: 'weblogic.kernel.Default (self-tuning)'> <<WLS Kernel>> <> <292557f8-d9d3-4231-b12e-8be1af642593-0000000e> <1559416929667> <[severity-value: 64] [rid: 0] [partition-id: 0] [partition-name: DOMAIN] > <BEA-2162610> <Creating ManagedExecutorService "DefaultManagedExecutorService" (partition="DOMAIN", module="null", application="wls-management-services", workmanager="default")> 
####<Jun 1, 2019 3:22:09,667 PM EDT> <Info> <CONCURRENCY> <WTUSLVSE014013L> <AdminServer> <[STANDBY] ExecuteThread: '7' for queue: 'weblogic.kernel.Default (self-tuning)'> <<WLS Kernel>> <> <292557f8-d9d3-4231-b12e-8be1af642593-0000000e> <1559416929667> <[severity-value: 64] [rid: 0] [partition-id: 0] [partition-name: DOMAIN] > <BEA-2162611> <Creating ManagedScheduledExecutorService "DefaultManagedScheduledExecutorService" (partition="DOMAIN", module="null", application="wls-management-services", workmanager="default")> 
####<Jun 1, 2019 3:22:09,668 PM EDT> <Info> <WorkManager> <WTUSLVSE014013L> <AdminServer> <[STANDBY] ExecuteThread: '7' for queue: 'weblogic.kernel.Default (self-tuning)'> <<WLS Kernel>> <> <292557f8-d9d3-4231-b12e-8be1af642593-0000000e> <1559416929668> <[severity-value: 64] [rid: 0] [partition-id: 0] [partition-name: DOMAIN] > <BEA-002901> <Creating Work Manager "WlsManagementDelegatedRequestWorkManager" with configured minimum threads constraint "WlsManagementMinThreadsCount" and maximum threads constraint "null" for module "wls-management-services.war" and application "wls-management-services"> 
####<Jun 1, 2019 3:22:09,668 PM EDT> <Info> <WorkManager> <WTUSLVSE014013L> <AdminServer> <[STANDBY] ExecuteThread: '7' for queue: 'weblogic.kernel.Default (self-tuning)'> <<WLS Kernel>> <> <292557f8-d9d3-4231-b12e-8be1af642593-0000000e> <1559416929668> <[severity-value: 64] [rid: 0] [partition-id: 0] [partition-name: DOMAIN] > <BEA-002901> <Creating Work Manager "WlsManagementDispatchWorkManager" with configured minimum threads constraint "WlsManagementMinThreadsCount" and maximum threads constraint "null" for module "wls-management-services.war" and application "wls-management-services"> 
####<Jun 1, 2019 3:22:10,099 PM EDT> <Info> <CONCURRENCY> <WTUSLVSE014013L> <AdminServer> <[STANDBY] ExecuteThread: '7' for queue: 'weblogic.kernel.Default (self-tuning)'> <<WLS Kernel>> <> <292557f8-d9d3-4231-b12e-8be1af642593-0000000e> <1559416930099> <[severity-value: 64] [rid: 0] [partition-id: 0] [partition-name: DOMAIN] > <BEA-2162601> <Creating ContextService "DefaultContextService" (partition="DOMAIN", module="null", application="jms-internal-xa-adp")> 
####<Jun 1, 2019 3:22:10,099 PM EDT> <Info> <CONCURRENCY> <WTUSLVSE014013L> <AdminServer> <[STANDBY] ExecuteThread: '7' for queue: 'weblogic.kernel.Default (self-tuning)'> <<WLS Kernel>> <> <292557f8-d9d3-4231-b12e-8be1af642593-0000000e> <1559416930099> <[severity-value: 64] [rid: 0] [partition-id: 0] [partition-name: DOMAIN] > <BEA-2162600> <Creating ManagedThreadFactory "DefaultManagedThreadFactory" (partition="DOMAIN", module="null", application="jms-internal-xa-adp")> 
####<Jun 1, 2019 3:22:10,099 PM EDT> <Info> <CONCURRENCY> <WTUSLVSE014013L> <AdminServer> <[STANDBY] ExecuteThread: '7' for queue: 'weblogic.kernel.Default (self-tuning)'> <<WLS Kernel>> <> <292557f8-d9d3-4231-b12e-8be1af642593-0000000e> <1559416930099> <[severity-value: 64] [rid: 0] [partition-id: 0] [partition-name: DOMAIN] > <BEA-2162610> <Creating ManagedExecutorService "DefaultManagedExecutorService" (partition="DOMAIN", module="null", application="jms-internal-xa-adp", workmanager="default")> 
####<Jun 1, 2019 3:22:10,100 PM EDT> <Info> <CONCURRENCY> <WTUSLVSE014013L> <AdminServer> <[STANDBY] ExecuteThread: '7' for queue: 'weblogic.kernel.Default (self-tuning)'> <<WLS Kernel>> <> <292557f8-d9d3-4231-b12e-8be1af642593-0000000e> <1559416930100> <[severity-value: 64] [rid: 0] [partition-id: 0] [partition-name: DOMAIN] > <BEA-2162611> <Creating ManagedScheduledExecutorService "DefaultManagedScheduledExecutorService" (partition="DOMAIN", module="null", application="jms-internal-xa-adp", workmanager="default")> 
####<Jun 1, 2019 3:22:10,142 PM EDT> <Info> <Connector> <WTUSLVSE014013L> <AdminServer> <[STANDBY] ExecuteThread: '7' for queue: 'weblogic.kernel.Default (self-tuning)'> <<WLS Kernel>> <> <292557f8-d9d3-4231-b12e-8be1af642593-0000000e> <1559416930142> <[severity-value: 64] [rid: 0] [partition-id: 0] [partition-name: DOMAIN] > <BEA-190156> <There were no compliance or validation errors found in the resource adapter C:\Oracle\Middleware\Oracle_Home\user_projects\domains\gah_domain\servers\AdminServer\tmp\.internal\jms-internal-xa-adp.rar.> 
####<Jun 1, 2019 3:22:10,147 PM EDT> <Info> <Connector> <WTUSLVSE014013L> <AdminServer> <[STANDBY] ExecuteThread: '7' for queue: 'weblogic.kernel.Default (self-tuning)'> <<WLS Kernel>> <> <292557f8-d9d3-4231-b12e-8be1af642593-0000000e> <1559416930147> <[severity-value: 64] [rid: 0] [partition-id: 0] [partition-name: DOMAIN] > <BEA-199185> <There is no META-INF/validation.xml file in the adapter archive C:\Oracle\Middleware\Oracle_Home\user_projects\domains\gah_domain\servers\AdminServer\tmp\_WL_internal\jms-internal-xa-adp\tnsg1m. The default Bean Validation configuration will be used.> 
####<Jun 1, 2019 3:22:10,199 PM EDT> <Info> <CONCURRENCY> <WTUSLVSE014013L> <AdminServer> <[STANDBY] ExecuteThread: '7' for queue: 'weblogic.kernel.Default (self-tuning)'> <<WLS Kernel>> <> <292557f8-d9d3-4231-b12e-8be1af642593-0000000e> <1559416930199> <[severity-value: 64] [rid: 0] [partition-id: 0] [partition-name: DOMAIN] > <BEA-2162601> <Creating ContextService "DefaultContextService" (partition="DOMAIN", module="null", application="jms-internal-notran-adp")> 
####<Jun 1, 2019 3:22:10,199 PM EDT> <Info> <CONCURRENCY> <WTUSLVSE014013L> <AdminServer> <[STANDBY] ExecuteThread: '7' for queue: 'weblogic.kernel.Default (self-tuning)'> <<WLS Kernel>> <> <292557f8-d9d3-4231-b12e-8be1af642593-0000000e> <1559416930199> <[severity-value: 64] [rid: 0] [partition-id: 0] [partition-name: DOMAIN] > <BEA-2162600> <Creating ManagedThreadFactory "DefaultManagedThreadFactory" (partition="DOMAIN", module="null", application="jms-internal-notran-adp")> 
####<Jun 1, 2019 3:22:10,199 PM EDT> <Info> <CONCURRENCY> <WTUSLVSE014013L> <AdminServer> <[STANDBY] ExecuteThread: '7' for queue: 'weblogic.kernel.Default (self-tuning)'> <<WLS Kernel>> <> <292557f8-d9d3-4231-b12e-8be1af642593-0000000e> <1559416930199> <[severity-value: 64] [rid: 0] [partition-id: 0] [partition-name: DOMAIN] > <BEA-2162610> <Creating ManagedExecutorService "DefaultManagedExecutorService" (partition="DOMAIN", module="null", application="jms-internal-notran-adp", workmanager="default")> 
####<Jun 1, 2019 3:22:10,200 PM EDT> <Info> <CONCURRENCY> <WTUSLVSE014013L> <AdminServer> <[STANDBY] ExecuteThread: '7' for queue: 'weblogic.kernel.Default (self-tuning)'> <<WLS Kernel>> <> <292557f8-d9d3-4231-b12e-8be1af642593-0000000e> <1559416930200> <[severity-value: 64] [rid: 0] [partition-id: 0] [partition-name: DOMAIN] > <BEA-2162611> <Creating ManagedScheduledExecutorService "DefaultManagedScheduledExecutorService" (partition="DOMAIN", module="null", application="jms-internal-notran-adp", workmanager="default")> 
####<Jun 1, 2019 3:22:10,205 PM EDT> <Info> <Connector> <WTUSLVSE014013L> <AdminServer> <[STANDBY] ExecuteThread: '7' for queue: 'weblogic.kernel.Default (self-tuning)'> <<WLS Kernel>> <> <292557f8-d9d3-4231-b12e-8be1af642593-0000000e> <1559416930205> <[severity-value: 64] [rid: 0] [partition-id: 0] [partition-name: DOMAIN] > <BEA-190156> <There were no compliance or validation errors found in the resource adapter C:\Oracle\Middleware\Oracle_Home\user_projects\domains\gah_domain\servers\AdminServer\tmp\.internal\jms-internal-notran-adp.rar.> 
####<Jun 1, 2019 3:22:10,207 PM EDT> <Info> <Connector> <WTUSLVSE014013L> <AdminServer> <[STANDBY] ExecuteThread: '7' for queue: 'weblogic.kernel.Default (self-tuning)'> <<WLS Kernel>> <> <292557f8-d9d3-4231-b12e-8be1af642593-0000000e> <1559416930207> <[severity-value: 64] [rid: 0] [partition-id: 0] [partition-name: DOMAIN] > <BEA-199185> <There is no META-INF/validation.xml file in the adapter archive C:\Oracle\Middleware\Oracle_Home\user_projects\domains\gah_domain\servers\AdminServer\tmp\_WL_internal\jms-internal-notran-adp\7h9z9c. The default Bean Validation configuration will be used.> 
####<Jun 1, 2019 3:22:10,311 PM EDT> <Info> <CONCURRENCY> <WTUSLVSE014013L> <AdminServer> <[STANDBY] ExecuteThread: '7' for queue: 'weblogic.kernel.Default (self-tuning)'> <<WLS Kernel>> <> <292557f8-d9d3-4231-b12e-8be1af642593-0000000e> <1559416930311> <[severity-value: 64] [rid: 0] [partition-id: 0] [partition-name: DOMAIN] > <BEA-2162601> <Creating ContextService "DefaultContextService" (partition="DOMAIN", module="null", application="mejb")> 
####<Jun 1, 2019 3:22:10,311 PM EDT> <Info> <CONCURRENCY> <WTUSLVSE014013L> <AdminServer> <[STANDBY] ExecuteThread: '7' for queue: 'weblogic.kernel.Default (self-tuning)'> <<WLS Kernel>> <> <292557f8-d9d3-4231-b12e-8be1af642593-0000000e> <1559416930311> <[severity-value: 64] [rid: 0] [partition-id: 0] [partition-name: DOMAIN] > <BEA-2162600> <Creating ManagedThreadFactory "DefaultManagedThreadFactory" (partition="DOMAIN", module="null", application="mejb")> 
####<Jun 1, 2019 3:22:10,311 PM EDT> <Info> <CONCURRENCY> <WTUSLVSE014013L> <AdminServer> <[STANDBY] ExecuteThread: '7' for queue: 'weblogic.kernel.Default (self-tuning)'> <<WLS Kernel>> <> <292557f8-d9d3-4231-b12e-8be1af642593-0000000e> <1559416930311> <[severity-value: 64] [rid: 0] [partition-id: 0] [partition-name: DOMAIN] > <BEA-2162610> <Creating ManagedExecutorService "DefaultManagedExecutorService" (partition="DOMAIN", module="null", application="mejb", workmanager="default")> 
####<Jun 1, 2019 3:22:10,311 PM EDT> <Info> <CONCURRENCY> <WTUSLVSE014013L> <AdminServer> <[STANDBY] ExecuteThread: '7' for queue: 'weblogic.kernel.Default (self-tuning)'> <<WLS Kernel>> <> <292557f8-d9d3-4231-b12e-8be1af642593-0000000e> <1559416930311> <[severity-value: 64] [rid: 0] [partition-id: 0] [partition-name: DOMAIN] > <BEA-2162611> <Creating ManagedScheduledExecutorService "DefaultManagedScheduledExecutorService" (partition="DOMAIN", module="null", application="mejb", workmanager="default")> 
####<Jun 1, 2019 3:22:10,327 PM EDT> <Info> <EJB> <WTUSLVSE014013L> <AdminServer> <[STANDBY] ExecuteThread: '7' for queue: 'weblogic.kernel.Default (self-tuning)'> <<WLS Kernel>> <> <292557f8-d9d3-4231-b12e-8be1af642593-0000000e> <1559416930327> <[severity-value: 64] [rid: 0] [partition-id: 0] [partition-name: DOMAIN] > <BEA-010008> <EJB Deploying file: mejb.jar.> 
####<Jun 1, 2019 3:22:10,415 PM EDT> <Info> <EJB> <WTUSLVSE014013L> <AdminServer> <[STANDBY] ExecuteThread: '7' for queue: 'weblogic.kernel.Default (self-tuning)'> <<WLS Kernel>> <> <292557f8-d9d3-4231-b12e-8be1af642593-0000000e> <1559416930415> <[severity-value: 64] [rid: 0] [partition-id: 0] [partition-name: DOMAIN] > <BEA-015075> <EJB deployment state PREPARED for [mejb:mejb, mejb.jar:mejb:mejb.jar](Mejb) > 
####<Jun 1, 2019 3:22:11,952 PM EDT> <Info> <Common> <WTUSLVSE014013L> <AdminServer> <[STANDBY] ExecuteThread: '7' for queue: 'weblogic.kernel.Default (self-tuning)'> <<WLS Kernel>> <> <292557f8-d9d3-4231-b12e-8be1af642593-0000000e> <1559416931952> <[severity-value: 64] [rid: 0] [partition-id: 0] [partition-name: DOMAIN] > <BEA-000625> <The application has disabled periodic testing of free resources in pool "eis/jms/internal/WLSConnectionFactoryJNDIXA".> 
####<Jun 1, 2019 3:22:11,960 PM EDT> <Info> <Common> <WTUSLVSE014013L> <AdminServer> <[STANDBY] ExecuteThread: '7' for queue: 'weblogic.kernel.Default (self-tuning)'> <<WLS Kernel>> <> <292557f8-d9d3-4231-b12e-8be1af642593-0000000e> <1559416931960> <[severity-value: 64] [rid: 0] [partition-id: 0] [partition-name: DOMAIN] > <BEA-000640> <Resource Pool "eis/jms/internal/WLSConnectionFactoryJNDIXA" resuming by external command (multi data source or console or other).> 
####<Jun 1, 2019 3:22:11,976 PM EDT> <Info> <Common> <WTUSLVSE014013L> <AdminServer> <[STANDBY] ExecuteThread: '7' for queue: 'weblogic.kernel.Default (self-tuning)'> <<WLS Kernel>> <> <292557f8-d9d3-4231-b12e-8be1af642593-0000000e> <1559416931976> <[severity-value: 64] [rid: 0] [partition-id: 0] [partition-name: DOMAIN] > <BEA-000625> <The application has disabled periodic testing of free resources in pool "eis/jms/internal/WLSConnectionFactoryJNDINoTX".> 
####<Jun 1, 2019 3:22:11,976 PM EDT> <Info> <Common> <WTUSLVSE014013L> <AdminServer> <[STANDBY] ExecuteThread: '7' for queue: 'weblogic.kernel.Default (self-tuning)'> <<WLS Kernel>> <> <292557f8-d9d3-4231-b12e-8be1af642593-0000000e> <1559416931976> <[severity-value: 64] [rid: 0] [partition-id: 0] [partition-name: DOMAIN] > <BEA-000640> <Resource Pool "eis/jms/internal/WLSConnectionFactoryJNDINoTX" resuming by external command (multi data source or console or other).> 
####<Jun 1, 2019 3:22:11,999 PM EDT> <Info> <EJB> <WTUSLVSE014013L> <AdminServer> <[STANDBY] ExecuteThread: '7' for queue: 'weblogic.kernel.Default (self-tuning)'> <<WLS Kernel>> <> <292557f8-d9d3-4231-b12e-8be1af642593-0000000e> <1559416931999> <[severity-value: 64] [rid: 0] [partition-id: 0] [partition-name: DOMAIN] > <BEA-014021> <The EJB Mejb(Application: mejb, EJBComponent: mejb.jar) has been successfully deployed. The following remote interfaces have been bound into JNDI with the specified JNDI names:> 
####<Jun 1, 2019 3:22:11,999 PM EDT> <Info> <EJB> <WTUSLVSE014013L> <AdminServer> <[STANDBY] ExecuteThread: '7' for queue: 'weblogic.kernel.Default (self-tuning)'> <<WLS Kernel>> <> <292557f8-d9d3-4231-b12e-8be1af642593-0000000e> <1559416931999> <[severity-value: 64] [rid: 0] [partition-id: 0] [partition-name: DOMAIN] > <BEA-010009> <EJB deployed EJB with JNDI name ejb.mgmt.MEJB.> 
####<Jun 1, 2019 3:22:11,999 PM EDT> <Info> <EJB> <WTUSLVSE014013L> <AdminServer> <[STANDBY] ExecuteThread: '7' for queue: 'weblogic.kernel.Default (self-tuning)'> <<WLS Kernel>> <> <292557f8-d9d3-4231-b12e-8be1af642593-0000000e> <1559416931999> <[severity-value: 64] [rid: 0] [partition-id: 0] [partition-name: DOMAIN] > <BEA-014022> <javax.management.j2ee.ManagementHome is bound with JNDI name java:module/Mejb.> 
####<Jun 1, 2019 3:22:11,999 PM EDT> <Info> <EJB> <WTUSLVSE014013L> <AdminServer> <[STANDBY] ExecuteThread: '7' for queue: 'weblogic.kernel.Default (self-tuning)'> <<WLS Kernel>> <> <292557f8-d9d3-4231-b12e-8be1af642593-0000000e> <1559416931999> <[severity-value: 64] [rid: 0] [partition-id: 0] [partition-name: DOMAIN] > <BEA-014022> <javax.management.j2ee.ManagementHome is bound with JNDI name java:app/mejb/Mejb!javax.management.j2ee.ManagementHome.> 
####<Jun 1, 2019 3:22:11,999 PM EDT> <Info> <EJB> <WTUSLVSE014013L> <AdminServer> <[STANDBY] ExecuteThread: '7' for queue: 'weblogic.kernel.Default (self-tuning)'> <<WLS Kernel>> <> <292557f8-d9d3-4231-b12e-8be1af642593-0000000e> <1559416931999> <[severity-value: 64] [rid: 0] [partition-id: 0] [partition-name: DOMAIN] > <BEA-014022> <javax.management.j2ee.ManagementHome is bound with JNDI name java:global/mejb/Mejb!javax.management.j2ee.ManagementHome.> 
####<Jun 1, 2019 3:22:11,999 PM EDT> <Info> <EJB> <WTUSLVSE014013L> <AdminServer> <[STANDBY] ExecuteThread: '7' for queue: 'weblogic.kernel.Default (self-tuning)'> <<WLS Kernel>> <> <292557f8-d9d3-4231-b12e-8be1af642593-0000000e> <1559416931999> <[severity-value: 64] [rid: 0] [partition-id: 0] [partition-name: DOMAIN] > <BEA-014022> <javax.management.j2ee.ManagementHome is bound with JNDI name java:module/Mejb!javax.management.j2ee.ManagementHome.> 
####<Jun 1, 2019 3:22:11,999 PM EDT> <Info> <EJB> <WTUSLVSE014013L> <AdminServer> <[STANDBY] ExecuteThread: '7' for queue: 'weblogic.kernel.Default (self-tuning)'> <<WLS Kernel>> <> <292557f8-d9d3-4231-b12e-8be1af642593-0000000e> <1559416931999> <[severity-value: 64] [rid: 0] [partition-id: 0] [partition-name: DOMAIN] > <BEA-014022> <javax.management.j2ee.ManagementHome is bound with JNDI name java:global/mejb/Mejb.> 
####<Jun 1, 2019 3:22:11,999 PM EDT> <Info> <EJB> <WTUSLVSE014013L> <AdminServer> <[STANDBY] ExecuteThread: '7' for queue: 'weblogic.kernel.Default (self-tuning)'> <<WLS Kernel>> <> <292557f8-d9d3-4231-b12e-8be1af642593-0000000e> <1559416931999> <[severity-value: 64] [rid: 0] [partition-id: 0] [partition-name: DOMAIN] > <BEA-014022> <javax.management.j2ee.ManagementHome is bound with JNDI name java:app/mejb/Mejb.> 
####<Jun 1, 2019 3:22:11,999 PM EDT> <Info> <EJB> <WTUSLVSE014013L> <AdminServer> <[STANDBY] ExecuteThread: '7' for queue: 'weblogic.kernel.Default (self-tuning)'> <<WLS Kernel>> <> <292557f8-d9d3-4231-b12e-8be1af642593-0000000e> <1559416931999> <[severity-value: 64] [rid: 0] [partition-id: 0] [partition-name: DOMAIN] > <BEA-015075> <EJB deployment state ACTIVATED for [mejb:mejb, mejb.jar:mejb:mejb.jar](Mejb) > 
####<Jun 1, 2019 3:22:11,999 PM EDT> <Info> <EJB> <WTUSLVSE014013L> <AdminServer> <[STANDBY] ExecuteThread: '7' for queue: 'weblogic.kernel.Default (self-tuning)'> <<WLS Kernel>> <> <292557f8-d9d3-4231-b12e-8be1af642593-0000000e> <1559416931999> <[severity-value: 64] [rid: 0] [partition-id: 0] [partition-name: DOMAIN] > <BEA-015075> <EJB deployment state STARTED for [mejb:mejb, mejb.jar:mejb:mejb.jar](Mejb) > 
####<Jun 1, 2019 3:22:11,999 PM EDT> <Info> <EJB> <WTUSLVSE014013L> <AdminServer> <[STANDBY] ExecuteThread: '7' for queue: 'weblogic.kernel.Default (self-tuning)'> <<WLS Kernel>> <> <292557f8-d9d3-4231-b12e-8be1af642593-0000000e> <1559416931999> <[severity-value: 64] [rid: 0] [partition-id: 0] [partition-name: DOMAIN] > <BEA-015075> <EJB deployment state ADMIN-TO-PRODUCTION for [mejb:mejb, mejb.jar:mejb:mejb.jar](Mejb) > 
####<Jun 1, 2019 3:22:25,264 PM EDT> <Info> <WorkManager> <WTUSLVSE014013L> <AdminServer> <Timer-2> <<WLS Kernel>> <> <292557f8-d9d3-4231-b12e-8be1af642593-0000000f> <1559416945264> <[severity-value: 64] [rid: 0] [partition-id: 0] [partition-name: DOMAIN] > <BEA-002959> <Self-tuning thread pool contains 0 running threads, 1 idle threads, and 12 standby threads> 
####<Jun 1, 2019 3:22:32,928 PM EDT> <Info> <WorkManager> <WTUSLVSE014013L> <AdminServer> <[ACTIVE] ExecuteThread: '0' for queue: 'weblogic.kernel.Default (self-tuning)'> <<WLS Kernel>> <> <292557f8-d9d3-4231-b12e-8be1af642593-00000010> <1559416952928> <[severity-value: 64] [rid: 0] [partition-id: 0] [partition-name: DOMAIN] > <BEA-002901> <Creating Work Manager "consoleWorkManager" with configured minimum threads constraint "consoleMinThreadsCount" and maximum threads constraint "null" for module "null" and application "consoleapp"> 
####<Jun 1, 2019 3:22:32,984 PM EDT> <Info> <Munger> <WTUSLVSE014013L> <AdminServer> <[ACTIVE] ExecuteThread: '0' for queue: 'weblogic.kernel.Default (self-tuning)'> <<WLS Kernel>> <> <292557f8-d9d3-4231-b12e-8be1af642593-00000010> <1559416952984> <[severity-value: 64] [rid: 0] [partition-id: 0] [partition-name: DOMAIN] > <BEA-2156202> <References were found in the deployment plan for module "webapp" with URI, "WEB-INF/weblogic.xml". The plan was merged.> 
####<Jun 1, 2019 3:22:32,992 PM EDT> <Info> <Munger> <WTUSLVSE014013L> <AdminServer> <[ACTIVE] ExecuteThread: '0' for queue: 'weblogic.kernel.Default (self-tuning)'> <<WLS Kernel>> <> <292557f8-d9d3-4231-b12e-8be1af642593-00000010> <1559416952992> <[severity-value: 64] [rid: 0] [partition-id: 0] [partition-name: DOMAIN] > <BEA-2156202> <References were found in the deployment plan for module "webapp" with URI, "WEB-INF/weblogic.xml". The plan was merged.> 
####<Jun 1, 2019 3:22:33,192 PM EDT> <Info> <CONCURRENCY> <WTUSLVSE014013L> <AdminServer> <[ACTIVE] ExecuteThread: '0' for queue: 'weblogic.kernel.Default (self-tuning)'> <<WLS Kernel>> <> <292557f8-d9d3-4231-b12e-8be1af642593-00000010> <1559416953192> <[severity-value: 64] [rid: 0] [partition-id: 0] [partition-name: DOMAIN] > <BEA-2162601> <Creating ContextService "DefaultContextService" (partition="DOMAIN", module="null", application="consoleapp")> 
####<Jun 1, 2019 3:22:33,192 PM EDT> <Info> <CONCURRENCY> <WTUSLVSE014013L> <AdminServer> <[ACTIVE] ExecuteThread: '0' for queue: 'weblogic.kernel.Default (self-tuning)'> <<WLS Kernel>> <> <292557f8-d9d3-4231-b12e-8be1af642593-00000010> <1559416953192> <[severity-value: 64] [rid: 0] [partition-id: 0] [partition-name: DOMAIN] > <BEA-2162600> <Creating ManagedThreadFactory "DefaultManagedThreadFactory" (partition="DOMAIN", module="null", application="consoleapp")> 
####<Jun 1, 2019 3:22:33,192 PM EDT> <Info> <CONCURRENCY> <WTUSLVSE014013L> <AdminServer> <[ACTIVE] ExecuteThread: '0' for queue: 'weblogic.kernel.Default (self-tuning)'> <<WLS Kernel>> <> <292557f8-d9d3-4231-b12e-8be1af642593-00000010> <1559416953192> <[severity-value: 64] [rid: 0] [partition-id: 0] [partition-name: DOMAIN] > <BEA-2162610> <Creating ManagedExecutorService "DefaultManagedExecutorService" (partition="DOMAIN", module="null", application="consoleapp", workmanager="default")> 
####<Jun 1, 2019 3:22:33,192 PM EDT> <Info> <CONCURRENCY> <WTUSLVSE014013L> <AdminServer> <[ACTIVE] ExecuteThread: '0' for queue: 'weblogic.kernel.Default (self-tuning)'> <<WLS Kernel>> <> <292557f8-d9d3-4231-b12e-8be1af642593-00000010> <1559416953192> <[severity-value: 64] [rid: 0] [partition-id: 0] [partition-name: DOMAIN] > <BEA-2162611> <Creating ManagedScheduledExecutorService "DefaultManagedScheduledExecutorService" (partition="DOMAIN", module="null", application="consoleapp", workmanager="default")> 
####<Jun 1, 2019 3:22:33,949 PM EDT> <Info> <netuix> <WTUSLVSE014013L> <AdminServer> <[ACTIVE] ExecuteThread: '0' for queue: 'weblogic.kernel.Default (self-tuning)'> <<anonymous>> <> <292557f8-d9d3-4231-b12e-8be1af642593-00000010> <1559416953949> <[severity-value: 64] [rid: 0] [partition-id: 0] [partition-name: DOMAIN] > <BEA-423101> <[console] Initializing the NetUIx container> 
####<Jun 1, 2019 3:22:34,133 PM EDT> <Info> <netuix> <WTUSLVSE014013L> <AdminServer> <[ACTIVE] ExecuteThread: '0' for queue: 'weblogic.kernel.Default (self-tuning)'> <<anonymous>> <> <292557f8-d9d3-4231-b12e-8be1af642593-00000010> <1559416954133> <[severity-value: 64] [rid: 0] [partition-id: 0] [partition-name: DOMAIN] > <BEA-423120> <WEB-INF/client-classifications.xml file not found at uri [console//WEB-INF/client-classifications.xml]. Classifications functionality not enabled.> 
####<Jun 1, 2019 3:22:34,169 PM EDT> <Info> <PortletServer> <WTUSLVSE014013L> <AdminServer> <[ACTIVE] ExecuteThread: '0' for queue: 'weblogic.kernel.Default (self-tuning)'> <<anonymous>> <> <292557f8-d9d3-4231-b12e-8be1af642593-00000010> <1559416954169> <[severity-value: 64] [rid: 0] [partition-id: 0] [partition-name: DOMAIN] > <BEA-420666> <[console] Undeploying the portlet application in webapp [console].> 
####<Jun 1, 2019 3:22:34,577 PM EDT> <Info> <netuix> <WTUSLVSE014013L> <AdminServer> <[ACTIVE] ExecuteThread: '0' for queue: 'weblogic.kernel.Default (self-tuning)'> <<anonymous>> <> <292557f8-d9d3-4231-b12e-8be1af642593-00000010> <1559416954577> <[severity-value: 64] [rid: 0] [partition-id: 0] [partition-name: DOMAIN] > <BEA-423101> <[consolehelp] Initializing the NetUIx container> 
####<Jun 1, 2019 3:22:34,602 PM EDT> <Info> <netuix> <WTUSLVSE014013L> <AdminServer> <[ACTIVE] ExecuteThread: '0' for queue: 'weblogic.kernel.Default (self-tuning)'> <<anonymous>> <> <292557f8-d9d3-4231-b12e-8be1af642593-00000010> <1559416954602> <[severity-value: 64] [rid: 0] [partition-id: 0] [partition-name: DOMAIN] > <BEA-423120> <WEB-INF/client-classifications.xml file not found at uri [consolehelp//WEB-INF/client-classifications.xml]. Classifications functionality not enabled.> 
####<Jun 1, 2019 3:22:34,621 PM EDT> <Info> <PortletServer> <WTUSLVSE014013L> <AdminServer> <[ACTIVE] ExecuteThread: '0' for queue: 'weblogic.kernel.Default (self-tuning)'> <<anonymous>> <> <292557f8-d9d3-4231-b12e-8be1af642593-00000010> <1559416954621> <[severity-value: 64] [rid: 0] [partition-id: 0] [partition-name: DOMAIN] > <BEA-420666> <[consolehelp] Undeploying the portlet application in webapp [consolehelp].> 
####<Jun 1, 2019 3:22:38,656 PM EDT> <Notice> <JMX> <WTUSLVSE014013L> <AdminServer> <[STANDBY] ExecuteThread: '6' for queue: 'weblogic.kernel.Default (self-tuning)'> <<WLS Kernel>> <> <292557f8-d9d3-4231-b12e-8be1af642593-00000011> <1559416958656> <[severity-value: 32] [rid: 0] [partition-id: 0] [partition-name: DOMAIN] > <BEA-149535> <JMX Resiliency Activity Server=AdminServer : Initializing callbacks> 
####<Jun 1, 2019 3:22:38,658 PM EDT> <Notice> <JMX> <WTUSLVSE014013L> <AdminServer> <pool-1-thread-2> <<WLS Kernel>> <> <292557f8-d9d3-4231-b12e-8be1af642593-00000011> <1559416958658> <[severity-value: 32] [rid: 0:2] [partition-id: 0] [partition-name: DOMAIN] > <BEA-149535> <JMX Resiliency Activity Server=AdminServer : Added MBeanServerConnection in DomainRuntimeServiceMBean > 
####<Jun 1, 2019 3:22:38,659 PM EDT> <Notice> <JMX> <WTUSLVSE014013L> <AdminServer> <[STANDBY] ExecuteThread: '6' for queue: 'weblogic.kernel.Default (self-tuning)'> <<WLS Kernel>> <> <292557f8-d9d3-4231-b12e-8be1af642593-00000011> <1559416958659> <[severity-value: 32] [rid: 0] [partition-id: 0] [partition-name: DOMAIN] > <BEA-149535> <JMX Resiliency Activity Server=AdminServer : Callback is done> 
####<Jun 1, 2019 3:22:38,661 PM EDT> <Notice> <JMX> <WTUSLVSE014013L> <AdminServer> <[STANDBY] ExecuteThread: '6' for queue: 'weblogic.kernel.Default (self-tuning)'> <<WLS Kernel>> <> <292557f8-d9d3-4231-b12e-8be1af642593-00000011> <1559416958661> <[severity-value: 32] [rid: 0] [partition-id: 0] [partition-name: DOMAIN] > <BEA-149535> <JMX Resiliency Activity Server=AdminServer : Connection already exists for the server. Did not attempt to connect to the server> 
####<Jun 1, 2019 3:22:38,662 PM EDT> <Trace> <com.oracle.logging.SystemLogger> <WTUSLVSE014013L> <AdminServer> <[STANDBY] ExecuteThread: '6' for queue: 'weblogic.kernel.Default (self-tuning)'> <<WLS Kernel>> <> <292557f8-d9d3-4231-b12e-8be1af642593-00000011> <1559416958662> <[severity-value: 256] [rid: 0] [partition-id: 0] [partition-name: DOMAIN] > <BEA-000000> <[com.oracle.cie.wls.config.online.Util:log] CIE Config Helper: registering for Event: weblogic.management.mbeanservers.DOMAIN_MBEANSERVER_POST_INITIALIZATION> 
####<Jun 1, 2019 3:22:38,663 PM EDT> <Trace> <com.oracle.logging.SystemLogger> <WTUSLVSE014013L> <AdminServer> <[STANDBY] ExecuteThread: '6' for queue: 'weblogic.kernel.Default (self-tuning)'> <<WLS Kernel>> <> <292557f8-d9d3-4231-b12e-8be1af642593-00000011> <1559416958663> <[severity-value: 256] [rid: 0] [partition-id: 0] [partition-name: DOMAIN] > <BEA-000000> <[com.oracle.cie.wls.config.online.Util:log] CIE Config Helper: registering MBean in DomainRuntimeMBeanServer> 
####<Jun 1, 2019 3:22:38,664 PM EDT> <Trace> <com.oracle.logging.SystemLogger> <WTUSLVSE014013L> <AdminServer> <[STANDBY] ExecuteThread: '6' for queue: 'weblogic.kernel.Default (self-tuning)'> <<WLS Kernel>> <> <292557f8-d9d3-4231-b12e-8be1af642593-00000011> <1559416958664> <[severity-value: 256] [rid: 0] [partition-id: 0] [partition-name: DOMAIN] > <BEA-000000> <[com.oracle.cie.wls.config.online.Util:log] CIE Config Helper: registering MBean >> 
####<Jun 1, 2019 3:22:38,665 PM EDT> <Trace> <com.oracle.logging.SystemLogger> <WTUSLVSE014013L> <AdminServer> <[STANDBY] ExecuteThread: '6' for queue: 'weblogic.kernel.Default (self-tuning)'> <<WLS Kernel>> <> <292557f8-d9d3-4231-b12e-8be1af642593-00000011> <1559416958665> <[severity-value: 256] [rid: 0] [partition-id: 0] [partition-name: DOMAIN] > <BEA-000000> <[com.oracle.cie.wls.config.online.Util:log] CIE Config Helper: isRegistered MBean: true> 
####<Jun 1, 2019 3:22:38,665 PM EDT> <Trace> <com.oracle.logging.SystemLogger> <WTUSLVSE014013L> <AdminServer> <[STANDBY] ExecuteThread: '6' for queue: 'weblogic.kernel.Default (self-tuning)'> <<WLS Kernel>> <> <292557f8-d9d3-4231-b12e-8be1af642593-00000011> <1559416958665> <[severity-value: 256] [rid: 0] [partition-id: 0] [partition-name: DOMAIN] > <BEA-000000> <[com.oracle.cie.wls.config.online.Util:log] CIE Config Helper: registering MBean <> 
####<Jun 1, 2019 3:22:40,477 PM EDT> <Notice> <JMX> <WTUSLVSE014013L> <AdminServer> <[ACTIVE] ExecuteThread: '0' for queue: 'weblogic.kernel.Default (self-tuning)'> <weblogic> <> <292557f8-d9d3-4231-b12e-8be1af642593-00000012> <1559416960477> <[severity-value: 32] [rid: 0] [partition-id: 0] [partition-name: DOMAIN] > <BEA-149535> <JMX Resiliency Activity Server=All Servers : Resolving connection list DomainRuntimeServiceMBean> 
####<Jun 1, 2019 3:22:40,851 PM EDT> <Warning> <Socket> <WTUSLVSE014013L> <AdminServer> <[ACTIVE] ExecuteThread: '0' for queue: 'weblogic.kernel.Default (self-tuning)'> <<WLS Kernel>> <> <292557f8-d9d3-4231-b12e-8be1af642593-00000013> <1559416960851> <[severity-value: 16] [rid: 0] [partition-id: 0] [partition-name: DOMAIN] > <BEA-000449> <Closing the socket, as no data read from it on 0:0:0:0:0:0:0:1:56,976 during the configured idle timeout of 5 seconds.> 
####<Jun 1, 2019 3:23:09,024 PM EDT> <Info> <Health> <WTUSLVSE014013L> <AdminServer> <weblogic.GCMonitor> <<anonymous>> <> <292557f8-d9d3-4231-b12e-8be1af642593-00000007> <1559416989024> <[severity-value: 64] [rid: 0:1] [partition-id: 0] [partition-name: DOMAIN] > <BEA-310002> <54% of the total memory in the server is free.> 
####<Jun 1, 2019 3:24:25,393 PM EDT> <Info> <WorkManager> <WTUSLVSE014013L> <AdminServer> <Timer-2> <<WLS Kernel>> <> <292557f8-d9d3-4231-b12e-8be1af642593-0000000f> <1559417065393> <[severity-value: 64] [rid: 0] [partition-id: 0] [partition-name: DOMAIN] > <BEA-002959> <Self-tuning thread pool contains 0 running threads, 2 idle threads, and 11 standby threads> 
####<Jun 1, 2019 3:24:35,853 PM EDT> <Warning> <Socket> <WTUSLVSE014013L> <AdminServer> <[ACTIVE] ExecuteThread: '0' for queue: 'weblogic.kernel.Default (self-tuning)'> <<WLS Kernel>> <> <292557f8-d9d3-4231-b12e-8be1af642593-00000014> <1559417075853> <[severity-value: 16] [rid: 0] [partition-id: 0] [partition-name: DOMAIN] > <BEA-000449> <Closing the socket, as no data read from it on 0:0:0:0:0:0:0:1:57,052 during the configured idle timeout of 5 seconds.> 
####<Jun 1, 2019 3:25:09,031 PM EDT> <Info> <Health> <WTUSLVSE014013L> <AdminServer> <weblogic.GCMonitor> <<anonymous>> <> <292557f8-d9d3-4231-b12e-8be1af642593-00000007> <1559417109031> <[severity-value: 64] [rid: 0:1] [partition-id: 0] [partition-name: DOMAIN] > <BEA-310002> <75% of the total memory in the server is free.> 
####<Jun 1, 2019 3:26:25,514 PM EDT> <Info> <WorkManager> <WTUSLVSE014013L> <AdminServer> <Timer-2> <<WLS Kernel>> <> <292557f8-d9d3-4231-b12e-8be1af642593-0000000f> <1559417185514> <[severity-value: 64] [rid: 0] [partition-id: 0] [partition-name: DOMAIN] > <BEA-002959> <Self-tuning thread pool contains 0 running threads, 2 idle threads, and 11 standby threads> 
####<Jun 1, 2019 3:28:25,617 PM EDT> <Info> <WorkManager> <WTUSLVSE014013L> <AdminServer> <Timer-2> <<WLS Kernel>> <> <292557f8-d9d3-4231-b12e-8be1af642593-0000000f> <1559417305617> <[severity-value: 64] [rid: 0] [partition-id: 0] [partition-name: DOMAIN] > <BEA-002959> <Self-tuning thread pool contains 0 running threads, 2 idle threads, and 11 standby threads> 
####<Jun 1, 2019 3:30:09,043 PM EDT> <Info> <Health> <WTUSLVSE014013L> <AdminServer> <weblogic.GCMonitor> <<anonymous>> <> <292557f8-d9d3-4231-b12e-8be1af642593-00000007> <1559417409043> <[severity-value: 64] [rid: 0:1] [partition-id: 0] [partition-name: DOMAIN] > <BEA-310002> <62% of the total memory in the server is free.> 
####<Jun 1, 2019 3:30:15,855 PM EDT> <Warning> <Socket> <WTUSLVSE014013L> <AdminServer> <[ACTIVE] ExecuteThread: '0' for queue: 'weblogic.kernel.Default (self-tuning)'> <<WLS Kernel>> <> <292557f8-d9d3-4231-b12e-8be1af642593-00000015> <1559417415855> <[severity-value: 16] [rid: 0] [partition-id: 0] [partition-name: DOMAIN] > <BEA-000449> <Closing the socket, as no data read from it on 0:0:0:0:0:0:0:1:57,387 during the configured idle timeout of 5 seconds.> 
####<Jun 1, 2019 3:30:25,751 PM EDT> <Info> <WorkManager> <WTUSLVSE014013L> <AdminServer> <Timer-2> <<WLS Kernel>> <> <292557f8-d9d3-4231-b12e-8be1af642593-0000000f> <1559417425751> <[severity-value: 64] [rid: 0] [partition-id: 0] [partition-name: DOMAIN] > <BEA-002959> <Self-tuning thread pool contains 0 running threads, 2 idle threads, and 11 standby threads> 
####<Jun 1, 2019 3:31:27,534 PM EDT> <Notice> <Server> <WTUSLVSE014013L> <AdminServer> <[ACTIVE] ExecuteThread: '0' for queue: 'weblogic.kernel.Default (self-tuning)'> <weblogic> <> <292557f8-d9d3-4231-b12e-8be1af642593-00000016> <1559417487534> <[severity-value: 32] [rid: 0] [partition-id: 0] [partition-name: DOMAIN] > <BEA-002638> <Graceful shutdown of AdminServer was issued remotely from 192.168.86.23.> 
####<Jun 1, 2019 3:31:27,542 PM EDT> <Notice> <WebLogicServer> <WTUSLVSE014013L> <AdminServer> <[ACTIVE] ExecuteThread: '0' for queue: 'weblogic.kernel.Default (self-tuning)'> <weblogic> <> <292557f8-d9d3-4231-b12e-8be1af642593-00000017> <1559417487542> <[severity-value: 32] [rid: 0] [partition-id: 0] [partition-name: DOMAIN] > <BEA-000396> <Server shutdown has been requested by weblogic.> 
####<Jun 1, 2019 3:31:27,542 PM EDT> <Notice> <WebLogicServer> <WTUSLVSE014013L> <AdminServer> <[ACTIVE] ExecuteThread: '0' for queue: 'weblogic.kernel.Default (self-tuning)'> <weblogic> <> <292557f8-d9d3-4231-b12e-8be1af642593-00000017> <1559417487542> <[severity-value: 32] [rid: 0] [partition-id: 0] [partition-name: DOMAIN] > <BEA-000365> <Server state changed to SUSPENDING.> 
####<Jun 1, 2019 3:31:27,554 PM EDT> <Notice> <HTTP> <WTUSLVSE014013L> <AdminServer> <[STANDBY] ExecuteThread: '6' for queue: 'weblogic.kernel.Default (self-tuning)'> <<WLS Kernel>> <> <292557f8-d9d3-4231-b12e-8be1af642593-00000018> <1559417487554> <[severity-value: 32] [rid: 0] [partition-id: 0] [partition-name: DOMAIN] > <BEA-101278> <There are no active sessions. The Web service is ready to suspend.> 
####<Jun 1, 2019 3:31:27,562 PM EDT> <Info> <EJB> <WTUSLVSE014013L> <AdminServer> <[STANDBY] ExecuteThread: '6' for queue: 'weblogic.kernel.Default (self-tuning)'> <<WLS Kernel>> <> <292557f8-d9d3-4231-b12e-8be1af642593-00000018> <1559417487562> <[severity-value: 64] [rid: 0] [partition-id: 0] [partition-name: DOMAIN] > <BEA-015075> <EJB deployment state PRODUCTION-TO-ADMIN for [mejb:mejb, mejb.jar:mejb:mejb.jar](Mejb) > 
####<Jun 1, 2019 3:31:27,566 PM EDT> <Notice> <WebLogicServer> <WTUSLVSE014013L> <AdminServer> <[ACTIVE] ExecuteThread: '0' for queue: 'weblogic.kernel.Default (self-tuning)'> <weblogic> <> <292557f8-d9d3-4231-b12e-8be1af642593-00000017> <1559417487566> <[severity-value: 32] [rid: 0] [partition-id: 0] [partition-name: DOMAIN] > <BEA-000365> <Server state changed to ADMIN.> 
####<Jun 1, 2019 3:31:27,566 PM EDT> <Notice> <WebLogicServer> <WTUSLVSE014013L> <AdminServer> <[ACTIVE] ExecuteThread: '0' for queue: 'weblogic.kernel.Default (self-tuning)'> <weblogic> <> <292557f8-d9d3-4231-b12e-8be1af642593-00000017> <1559417487566> <[severity-value: 32] [rid: 0] [partition-id: 0] [partition-name: DOMAIN] > <BEA-000365> <Server state changed to SHUTTING_DOWN.> 
####<Jun 1, 2019 3:31:27,566 PM EDT> <Info> <Diagnostics> <WTUSLVSE014013L> <AdminServer> <[STANDBY] ExecuteThread: '9' for queue: 'weblogic.kernel.Default (self-tuning)'> <<WLS Kernel>> <> <292557f8-d9d3-4231-b12e-8be1af642593-00000019> <1559417487566> <[severity-value: 64] [rid: 0] [partition-id: 0] [partition-name: DOMAIN] > <BEA-320002> <The Diagnostics subsystem is stopping on Server AdminServer.> 
####<Jun 1, 2019 3:31:27,582 PM EDT> <Info> <SAFService> <WTUSLVSE014013L> <AdminServer> <[STANDBY] ExecuteThread: '9' for queue: 'weblogic.kernel.Default (self-tuning)'> <<WLS Kernel>> <> <292557f8-d9d3-4231-b12e-8be1af642593-00000019> <1559417487582> <[severity-value: 64] [rid: 0] [partition-id: 0] [partition-name: DOMAIN] > <BEA-281004> <The SAF service has been suspended.> 
####<Jun 1, 2019 3:31:27,582 PM EDT> <Info> <SAFService> <WTUSLVSE014013L> <AdminServer> <[STANDBY] ExecuteThread: '9' for queue: 'weblogic.kernel.Default (self-tuning)'> <<WLS Kernel>> <> <292557f8-d9d3-4231-b12e-8be1af642593-00000019> <1559417487582> <[severity-value: 64] [rid: 0] [partition-id: 0] [partition-name: DOMAIN] > <BEA-281005> <The SAF service has been shut down.> 
####<Jun 1, 2019 3:31:27,590 PM EDT> <Notice> <Log Management> <WTUSLVSE014013L> <AdminServer> <[STANDBY] ExecuteThread: '9' for queue: 'weblogic.kernel.Default (self-tuning)'> <<WLS Kernel>> <> <292557f8-d9d3-4231-b12e-8be1af642593-00000019> <1559417487590> <[severity-value: 32] [rid: 0] [partition-id: 0] [partition-name: DOMAIN] > <BEA-170037> <The log monitoring service timer has been stopped.> 
####<Jun 1, 2019 3:31:27,614 PM EDT> <Info> <JDBC> <WTUSLVSE014013L> <AdminServer> <[STANDBY] ExecuteThread: '4' for queue: 'weblogic.kernel.Default (self-tuning)'> <<WLS Kernel>> <> <292557f8-d9d3-4231-b12e-8be1af642593-0000001a> <1559417487614> <[severity-value: 64] [rid: 0] [partition-id: 0] [partition-name: DOMAIN] > <BEA-001513> <Destroying application-scoped data source java:comp/DefaultDataSource, created for Application bea_wls_internal, Module bea_wls_internal.> 
####<Jun 1, 2019 3:31:27,634 PM EDT> <Warning> <JMX> <WTUSLVSE014013L> <AdminServer> <[STANDBY] ExecuteThread: '4' for queue: 'weblogic.kernel.Default (self-tuning)'> <<WLS Kernel>> <> <292557f8-d9d3-4231-b12e-8be1af642593-0000001a> <1559417487634> <[severity-value: 16] [rid: 0] [partition-id: 0] [partition-name: DOMAIN] > <BEA-149513> <JMX Connector Server stopped at service:jmx:iiop://192.168.86.23:7001/jndi/weblogic.management.mbeanservers.edit.> 
####<Jun 1, 2019 3:31:27,634 PM EDT> <Warning> <JMX> <WTUSLVSE014013L> <AdminServer> <[STANDBY] ExecuteThread: '4' for queue: 'weblogic.kernel.Default (self-tuning)'> <<WLS Kernel>> <> <292557f8-d9d3-4231-b12e-8be1af642593-0000001a> <1559417487634> <[severity-value: 16] [rid: 0] [partition-id: 0] [partition-name: DOMAIN] > <BEA-149513> <JMX Connector Server stopped at service:jmx:iiop://192.168.86.23:7001/jndi/weblogic.management.mbeanservers.domainruntime.> 
####<Jun 1, 2019 3:31:27,650 PM EDT> <Info> <JDBC> <WTUSLVSE014013L> <AdminServer> <[STANDBY] ExecuteThread: '4' for queue: 'weblogic.kernel.Default (self-tuning)'> <<WLS Kernel>> <> <292557f8-d9d3-4231-b12e-8be1af642593-0000001a> <1559417487650> <[severity-value: 64] [rid: 0] [partition-id: 0] [partition-name: DOMAIN] > <BEA-001513> <Destroying application-scoped data source java:comp/DefaultDataSource, created for Application wls-management-services, Module wls-management-services.> 
####<Jun 1, 2019 3:31:27,658 PM EDT> <Info> <JDBC> <WTUSLVSE014013L> <AdminServer> <[STANDBY] ExecuteThread: '4' for queue: 'weblogic.kernel.Default (self-tuning)'> <<WLS Kernel>> <> <292557f8-d9d3-4231-b12e-8be1af642593-0000001a> <1559417487658> <[severity-value: 64] [rid: 0] [partition-id: 0] [partition-name: DOMAIN] > <BEA-001513> <Destroying application-scoped data source java:comp/DefaultDataSource, created for Application mejb, Module mejb.> 
####<Jun 1, 2019 3:31:27,658 PM EDT> <Info> <EJB> <WTUSLVSE014013L> <AdminServer> <[STANDBY] ExecuteThread: '4' for queue: 'weblogic.kernel.Default (self-tuning)'> <<WLS Kernel>> <> <292557f8-d9d3-4231-b12e-8be1af642593-0000001a> <1559417487658> <[severity-value: 64] [rid: 0] [partition-id: 0] [partition-name: DOMAIN] > <BEA-015075> <EJB deployment state DEACTIVATED for [mejb:mejb, mejb.jar:mejb:mejb.jar](Mejb) > 
####<Jun 1, 2019 3:31:27,662 PM EDT> <Info> <Common> <WTUSLVSE014013L> <AdminServer> <[STANDBY] ExecuteThread: '4' for queue: 'weblogic.kernel.Default (self-tuning)'> <<WLS Kernel>> <> <292557f8-d9d3-4231-b12e-8be1af642593-0000001a> <1559417487662> <[severity-value: 64] [rid: 0] [partition-id: 0] [partition-name: DOMAIN] > <BEA-000639> <Resource Pool "eis/jms/internal/WLSConnectionFactoryJNDIXA" is being force-suspended by an external command (multi data source or console or other).> 
####<Jun 1, 2019 3:31:27,666 PM EDT> <Info> <Common> <WTUSLVSE014013L> <AdminServer> <[STANDBY] ExecuteThread: '4' for queue: 'weblogic.kernel.Default (self-tuning)'> <<WLS Kernel>> <> <292557f8-d9d3-4231-b12e-8be1af642593-0000001a> <1559417487666> <[severity-value: 64] [rid: 0] [partition-id: 0] [partition-name: DOMAIN] > <BEA-000639> <Resource Pool "eis/jms/internal/WLSConnectionFactoryJNDINoTX" is being force-suspended by an external command (multi data source or console or other).> 
####<Jun 1, 2019 3:31:27,670 PM EDT> <Info> <JDBC> <WTUSLVSE014013L> <AdminServer> <[STANDBY] ExecuteThread: '4' for queue: 'weblogic.kernel.Default (self-tuning)'> <<WLS Kernel>> <> <292557f8-d9d3-4231-b12e-8be1af642593-0000001a> <1559417487670> <[severity-value: 64] [rid: 0] [partition-id: 0] [partition-name: DOMAIN] > <BEA-001513> <Destroying application-scoped data source java:comp/DefaultDataSource, created for Application consoleapp, Module consolehelp.> 
####<Jun 1, 2019 3:31:27,682 PM EDT> <Info> <JDBC> <WTUSLVSE014013L> <AdminServer> <[STANDBY] ExecuteThread: '4' for queue: 'weblogic.kernel.Default (self-tuning)'> <<WLS Kernel>> <> <292557f8-d9d3-4231-b12e-8be1af642593-0000001a> <1559417487682> <[severity-value: 64] [rid: 0] [partition-id: 0] [partition-name: DOMAIN] > <BEA-001513> <Destroying application-scoped data source java:comp/DefaultDataSource, created for Application consoleapp, Module webapp.> 
####<Jun 1, 2019 3:31:27,686 PM EDT> <Info> <JDBC> <WTUSLVSE014013L> <AdminServer> <[STANDBY] ExecuteThread: '4' for queue: 'weblogic.kernel.Default (self-tuning)'> <<WLS Kernel>> <> <292557f8-d9d3-4231-b12e-8be1af642593-0000001a> <1559417487686> <[severity-value: 64] [rid: 0] [partition-id: 0] [partition-name: DOMAIN] > <BEA-001513> <Destroying application-scoped data source java:comp/DefaultDataSource, created for Application consoleapp, Module null.> 
####<Jun 1, 2019 3:31:27,686 PM EDT> <Info> <EJB> <WTUSLVSE014013L> <AdminServer> <[STANDBY] ExecuteThread: '4' for queue: 'weblogic.kernel.Default (self-tuning)'> <<WLS Kernel>> <> <292557f8-d9d3-4231-b12e-8be1af642593-0000001a> <1559417487686> <[severity-value: 64] [rid: 0] [partition-id: 0] [partition-name: DOMAIN] > <BEA-015075> <EJB deployment state UNPREPARED for [mejb:mejb, mejb.jar:mejb:mejb.jar](Mejb) > 
####<Jun 1, 2019 3:31:27,714 PM EDT> <Info> <JDBC> <WTUSLVSE014013L> <AdminServer> <[STANDBY] ExecuteThread: '4' for queue: 'weblogic.kernel.Default (self-tuning)'> <<WLS Kernel>> <> <292557f8-d9d3-4231-b12e-8be1af642593-0000001a> <1559417487714> <[severity-value: 64] [rid: 0] [partition-id: 0] [partition-name: DOMAIN] > <BEA-001141> <Suspending the JDBC service.> 
####<Jun 1, 2019 3:31:27,714 PM EDT> <Info> <JDBC> <WTUSLVSE014013L> <AdminServer> <[STANDBY] ExecuteThread: '4' for queue: 'weblogic.kernel.Default (self-tuning)'> <<WLS Kernel>> <> <292557f8-d9d3-4231-b12e-8be1af642593-0000001a> <1559417487714> <[severity-value: 64] [rid: 0] [partition-id: 0] [partition-name: DOMAIN] > <BEA-001143> <Suspend completed.> 
####<Jun 1, 2019 3:31:27,718 PM EDT> <Info> <JDBC> <WTUSLVSE014013L> <AdminServer> <[STANDBY] ExecuteThread: '4' for queue: 'weblogic.kernel.Default (self-tuning)'> <<WLS Kernel>> <> <292557f8-d9d3-4231-b12e-8be1af642593-0000001a> <1559417487718> <[severity-value: 64] [rid: 0] [partition-id: 0] [partition-name: DOMAIN] > <BEA-001147> <Shutting down the JDBC service.> 
####<Jun 1, 2019 3:31:27,718 PM EDT> <Info> <JDBC> <WTUSLVSE014013L> <AdminServer> <[STANDBY] ExecuteThread: '4' for queue: 'weblogic.kernel.Default (self-tuning)'> <<WLS Kernel>> <> <292557f8-d9d3-4231-b12e-8be1af642593-0000001a> <1559417487718> <[severity-value: 64] [rid: 0] [partition-id: 0] [partition-name: DOMAIN] > <BEA-001149> <Shutdown of the JDBC service has completed.> 
####<Jun 1, 2019 3:31:27,721 PM EDT> <Info> <MessagingBridge> <WTUSLVSE014013L> <AdminServer> <[STANDBY] ExecuteThread: '4' for queue: 'weblogic.kernel.Default (self-tuning)'> <<WLS Kernel>> <> <292557f8-d9d3-4231-b12e-8be1af642593-0000001a> <1559417487721> <[severity-value: 64] [rid: 0] [partition-id: 0] [partition-name: DOMAIN] > <BEA-200001> <The messaging bridge service has successfully shut down.> 
####<Jun 1, 2019 3:31:27,721 PM EDT> <Info> <JMS> <WTUSLVSE014013L> <AdminServer> <[STANDBY] ExecuteThread: '4' for queue: 'weblogic.kernel.Default (self-tuning)'> <<WLS Kernel>> <> <292557f8-d9d3-4231-b12e-8be1af642593-0000001a> <1559417487721> <[severity-value: 64] [rid: 0] [partition-id: 0] [partition-name: DOMAIN] > <BEA-040307> <JMS service is suspending gracefully.> 
####<Jun 1, 2019 3:31:27,729 PM EDT> <Info> <JMS> <WTUSLVSE014013L> <AdminServer> <[STANDBY] ExecuteThread: '4' for queue: 'weblogic.kernel.Default (self-tuning)'> <<WLS Kernel>> <> <292557f8-d9d3-4231-b12e-8be1af642593-0000001a> <1559417487729> <[severity-value: 64] [rid: 0] [partition-id: 0] [partition-name: DOMAIN] > <BEA-040107> <Undeployed 8 default connection factories.> 
####<Jun 1, 2019 3:31:27,730 PM EDT> <Info> <JMS> <WTUSLVSE014013L> <AdminServer> <[STANDBY] ExecuteThread: '4' for queue: 'weblogic.kernel.Default (self-tuning)'> <<WLS Kernel>> <> <292557f8-d9d3-4231-b12e-8be1af642593-0000001a> <1559417487730> <[severity-value: 64] [rid: 0] [partition-id: 0] [partition-name: DOMAIN] > <BEA-040015> <JMS shutdown is complete.> 
####<Jun 1, 2019 3:31:27,738 PM EDT> <Warning> <JMX> <WTUSLVSE014013L> <AdminServer> <[STANDBY] ExecuteThread: '4' for queue: 'weblogic.kernel.Default (self-tuning)'> <<WLS Kernel>> <> <292557f8-d9d3-4231-b12e-8be1af642593-0000001a> <1559417487738> <[severity-value: 16] [rid: 0] [partition-id: 0] [partition-name: DOMAIN] > <BEA-149513> <JMX Connector Server stopped at service:jmx:iiop://192.168.86.23:7001/jndi/weblogic.management.mbeanservers.runtime.> 
####<Jun 1, 2019 3:31:27,746 PM EDT> <Info> <WebLogicServer> <WTUSLVSE014013L> <AdminServer> <[STANDBY] ExecuteThread: '7' for queue: 'weblogic.kernel.Default (self-tuning)'> <<WLS Kernel>> <> <292557f8-d9d3-4231-b12e-8be1af642593-0000001b> <1559417487746> <[severity-value: 64] [rid: 0] [partition-id: 0] [partition-name: DOMAIN] > <BEA-000236> <Stopping execute threads.> 
####<Jun 1, 2019 3:31:27,750 PM EDT> <Info> <WebLogicServer> <WTUSLVSE014013L> <AdminServer> <main> <<WLS Kernel>> <> <292557f8-d9d3-4231-b12e-8be1af642593-0000001c> <1559417487750> <[severity-value: 64] [rid: 0] [partition-id: 0] [partition-name: DOMAIN] > <BEA-000238> <Shutdown has completed.> 
